{"/home/travis/build/npmtest/node-npmtest-snoocore/test.js":{"path":"/home/travis/build/npmtest/node-npmtest-snoocore/test.js","s":{"1":2,"2":2,"3":2,"4":2,"5":2,"6":2,"7":2,"8":1,"9":2,"10":2,"11":1,"12":1,"13":1,"14":1,"15":2,"16":2,"17":2,"18":2,"19":1,"20":1,"21":2,"22":2,"23":2,"24":1,"25":1,"26":1,"27":1,"28":1,"29":1,"30":1,"31":1,"32":1,"33":1,"34":1,"35":1,"36":1,"37":1,"38":1,"39":2,"40":2,"41":1,"42":2,"43":2,"44":1,"45":2,"46":2,"47":1,"48":2,"49":2,"50":1,"51":1,"52":1,"53":1,"54":1},"b":{"1":[2,1,1,1],"2":[1,1,1,1],"3":[1,1],"4":[1,1],"5":[1,1],"6":[1,1],"7":[1,1],"8":[1,1],"9":[1,1],"10":[1,1,1],"11":[1,1],"12":[1,1],"13":[1,1],"14":[1,1],"15":[1,1],"16":[1,1],"17":[1,1]},"f":{"1":2,"2":2,"3":2,"4":2,"5":2,"6":1,"7":1,"8":1,"9":2,"10":2,"11":2,"12":2,"13":1},"fnMap":{"1":{"name":"(anonymous_1)","line":12,"loc":{"start":{"line":12,"column":1},"end":{"line":12,"column":13}}},"2":{"name":"(anonymous_2)","line":19,"loc":{"start":{"line":19,"column":5},"end":{"line":19,"column":17}}},"3":{"name":"(anonymous_3)","line":23,"loc":{"start":{"line":23,"column":24},"end":{"line":23,"column":36}}},"4":{"name":"(anonymous_4)","line":61,"loc":{"start":{"line":61,"column":5},"end":{"line":61,"column":17}}},"5":{"name":"(anonymous_5)","line":82,"loc":{"start":{"line":82,"column":5},"end":{"line":82,"column":17}}},"6":{"name":"(anonymous_6)","line":91,"loc":{"start":{"line":91,"column":77},"end":{"line":94,"column":10}}},"7":{"name":"(anonymous_7)","line":112,"loc":{"start":{"line":112,"column":83},"end":{"line":115,"column":10}},"skip":true},"8":{"name":"(anonymous_8)","line":123,"loc":{"start":{"line":123,"column":77},"end":{"line":126,"column":10}},"skip":true},"9":{"name":"(anonymous_9)","line":139,"loc":{"start":{"line":139,"column":12},"end":{"line":139,"column":40}},"skip":true},"10":{"name":"(anonymous_10)","line":147,"loc":{"start":{"line":147,"column":77},"end":{"line":150,"column":10}},"skip":true},"11":{"name":"(anonymous_11)","line":158,"loc":{"start":{"line":158,"column":83},"end":{"line":161,"column":10}},"skip":true},"12":{"name":"(anonymous_12)","line":169,"loc":{"start":{"line":169,"column":79},"end":{"line":172,"column":10}},"skip":true},"13":{"name":"(anonymous_13)","line":180,"loc":{"start":{"line":180,"column":75},"end":{"line":183,"column":10}},"skip":true}},"statementMap":{"1":{"start":{"line":12,"column":0},"end":{"line":195,"column":5}},"2":{"start":{"line":14,"column":4},"end":{"line":14,"column":14}},"3":{"start":{"line":19,"column":4},"end":{"line":56,"column":9}},"4":{"start":{"line":21,"column":8},"end":{"line":21,"column":19}},"5":{"start":{"line":23,"column":8},"end":{"line":35,"column":13}},"6":{"start":{"line":24,"column":12},"end":{"line":34,"column":13}},"7":{"start":{"line":25,"column":16},"end":{"line":28,"column":30}},"8":{"start":{"line":30,"column":16},"end":{"line":33,"column":27}},"9":{"start":{"line":37,"column":8},"end":{"line":39,"column":21}},"10":{"start":{"line":40,"column":8},"end":{"line":53,"column":9}},"11":{"start":{"line":43,"column":12},"end":{"line":46,"column":14}},"12":{"start":{"line":47,"column":12},"end":{"line":47,"column":18}},"13":{"start":{"line":50,"column":12},"end":{"line":51,"column":33}},"14":{"start":{"line":52,"column":12},"end":{"line":52,"column":18}},"15":{"start":{"line":55,"column":8},"end":{"line":55,"column":35}},"16":{"start":{"line":61,"column":4},"end":{"line":63,"column":9}},"17":{"start":{"line":62,"column":8},"end":{"line":62,"column":15}},"18":{"start":{"line":64,"column":4},"end":{"line":77,"column":5}},"19":{"start":{"line":70,"column":8},"end":{"line":70,"column":14}},"20":{"start":{"line":76,"column":8},"end":{"line":76,"column":14}},"21":{"start":{"line":82,"column":4},"end":{"line":84,"column":9}},"22":{"start":{"line":83,"column":8},"end":{"line":83,"column":15}},"23":{"start":{"line":85,"column":4},"end":{"line":194,"column":5}},"24":{"start":{"line":91,"column":8},"end":{"line":99,"column":10}},"25":{"start":{"line":98,"column":12},"end":{"line":98,"column":35}},"26":{"start":{"line":102,"column":8},"end":{"line":104,"column":63}},"27":{"start":{"line":105,"column":8},"end":{"line":105,"column":14}},"28":{"start":{"line":112,"column":8},"end":{"line":121,"column":10},"skip":true},"29":{"start":{"line":119,"column":12},"end":{"line":119,"column":55},"skip":true},"30":{"start":{"line":120,"column":12},"end":{"line":120,"column":48},"skip":true},"31":{"start":{"line":123,"column":8},"end":{"line":136,"column":10},"skip":true},"32":{"start":{"line":130,"column":12},"end":{"line":130,"column":76},"skip":true},"33":{"start":{"line":131,"column":12},"end":{"line":131,"column":73},"skip":true},"34":{"start":{"line":132,"column":12},"end":{"line":132,"column":74},"skip":true},"35":{"start":{"line":133,"column":12},"end":{"line":133,"column":79},"skip":true},"36":{"start":{"line":134,"column":12},"end":{"line":134,"column":25},"skip":true},"37":{"start":{"line":135,"column":12},"end":{"line":135,"column":45},"skip":true},"38":{"start":{"line":138,"column":8},"end":{"line":145,"column":14},"skip":true},"39":{"start":{"line":143,"column":16},"end":{"line":143,"column":29},"skip":true},"40":{"start":{"line":144,"column":16},"end":{"line":144,"column":55},"skip":true},"41":{"start":{"line":147,"column":8},"end":{"line":156,"column":10},"skip":true},"42":{"start":{"line":154,"column":12},"end":{"line":154,"column":25},"skip":true},"43":{"start":{"line":155,"column":12},"end":{"line":155,"column":45},"skip":true},"44":{"start":{"line":158,"column":8},"end":{"line":167,"column":10},"skip":true},"45":{"start":{"line":165,"column":12},"end":{"line":165,"column":25},"skip":true},"46":{"start":{"line":166,"column":12},"end":{"line":166,"column":48},"skip":true},"47":{"start":{"line":169,"column":8},"end":{"line":178,"column":10},"skip":true},"48":{"start":{"line":176,"column":12},"end":{"line":176,"column":25},"skip":true},"49":{"start":{"line":177,"column":12},"end":{"line":177,"column":46},"skip":true},"50":{"start":{"line":180,"column":8},"end":{"line":189,"column":10},"skip":true},"51":{"start":{"line":187,"column":12},"end":{"line":187,"column":94},"skip":true},"52":{"start":{"line":188,"column":12},"end":{"line":188,"column":48},"skip":true},"53":{"start":{"line":192,"column":8},"end":{"line":192,"column":35},"skip":true},"54":{"start":{"line":193,"column":8},"end":{"line":193,"column":14},"skip":true}},"branchMap":{"1":{"line":25,"type":"binary-expr","locations":[{"start":{"line":25,"column":23},"end":{"line":25,"column":62}},{"start":{"line":26,"column":20},"end":{"line":26,"column":70}},{"start":{"line":27,"column":20},"end":{"line":27,"column":71}},{"start":{"line":28,"column":20},"end":{"line":28,"column":29}}]},"2":{"line":30,"type":"binary-expr","locations":[{"start":{"line":30,"column":23},"end":{"line":30,"column":37}},{"start":{"line":31,"column":20},"end":{"line":31,"column":61}},{"start":{"line":32,"column":20},"end":{"line":32,"column":70}},{"start":{"line":33,"column":20},"end":{"line":33,"column":26}}]},"3":{"line":37,"type":"cond-expr","locations":[{"start":{"line":38,"column":14},"end":{"line":38,"column":20}},{"start":{"line":39,"column":14},"end":{"line":39,"column":20}}]},"4":{"line":40,"type":"switch","locations":[{"start":{"line":42,"column":8},"end":{"line":47,"column":18}},{"start":{"line":49,"column":8},"end":{"line":52,"column":18}}]},"5":{"line":44,"type":"binary-expr","locations":[{"start":{"line":44,"column":16},"end":{"line":44,"column":44}},{"start":{"line":44,"column":48},"end":{"line":44,"column":66}}]},"6":{"line":50,"type":"binary-expr","locations":[{"start":{"line":50,"column":21},"end":{"line":50,"column":49}},{"start":{"line":50,"column":53},"end":{"line":50,"column":72}}]},"7":{"line":64,"type":"switch","locations":[{"start":{"line":69,"column":4},"end":{"line":70,"column":14}},{"start":{"line":75,"column":4},"end":{"line":76,"column":14}}]},"8":{"line":85,"type":"switch","locations":[{"start":{"line":90,"column":4},"end":{"line":105,"column":14}},{"start":{"line":111,"column":4},"end":{"line":193,"column":14},"skip":true}]},"9":{"line":91,"type":"binary-expr","locations":[{"start":{"line":91,"column":42},"end":{"line":91,"column":73}},{"start":{"line":91,"column":77},"end":{"line":99,"column":9}}]},"10":{"line":102,"type":"binary-expr","locations":[{"start":{"line":102,"column":18},"end":{"line":102,"column":32}},{"start":{"line":103,"column":12},"end":{"line":103,"column":53}},{"start":{"line":104,"column":12},"end":{"line":104,"column":61}}]},"11":{"line":112,"type":"binary-expr","locations":[{"start":{"line":112,"column":45},"end":{"line":112,"column":79},"skip":true},{"start":{"line":112,"column":83},"end":{"line":121,"column":9},"skip":true}]},"12":{"line":123,"type":"binary-expr","locations":[{"start":{"line":123,"column":42},"end":{"line":123,"column":73},"skip":true},{"start":{"line":123,"column":77},"end":{"line":136,"column":9},"skip":true}]},"13":{"line":138,"type":"binary-expr","locations":[{"start":{"line":138,"column":48},"end":{"line":138,"column":85},"skip":true},{"start":{"line":139,"column":12},"end":{"line":145,"column":13},"skip":true}]},"14":{"line":147,"type":"binary-expr","locations":[{"start":{"line":147,"column":42},"end":{"line":147,"column":73},"skip":true},{"start":{"line":147,"column":77},"end":{"line":156,"column":9},"skip":true}]},"15":{"line":158,"type":"binary-expr","locations":[{"start":{"line":158,"column":45},"end":{"line":158,"column":79},"skip":true},{"start":{"line":158,"column":83},"end":{"line":167,"column":9},"skip":true}]},"16":{"line":169,"type":"binary-expr","locations":[{"start":{"line":169,"column":43},"end":{"line":169,"column":75},"skip":true},{"start":{"line":169,"column":79},"end":{"line":178,"column":9},"skip":true}]},"17":{"line":180,"type":"binary-expr","locations":[{"start":{"line":180,"column":41},"end":{"line":180,"column":71},"skip":true},{"start":{"line":180,"column":75},"end":{"line":189,"column":9},"skip":true}]}},"code":["/* istanbul instrument in package npmtest_snoocore */","/*jslint","    bitwise: true,","    browser: true,","    maxerr: 8,","    maxlen: 96,","    node: true,","    nomen: true,","    regexp: true,","    stupid: true","*/","(function () {","    'use strict';","    var local;","","","","    // run shared js-env code - pre-init","    (function () {","        // init local","        local = {};","        // init modeJs","        local.modeJs = (function () {","            try {","                return typeof navigator.userAgent === 'string' &&","                    typeof document.querySelector('body') === 'object' &&","                    typeof XMLHttpRequest.prototype.open === 'function' &&","                    'browser';","            } catch (errorCaughtBrowser) {","                return module.exports &&","                    typeof process.versions.node === 'string' &&","                    typeof require('http').createServer === 'function' &&","                    'node';","            }","        }());","        // init global","        local.global = local.modeJs === 'browser'","            ? window","            : global;","        switch (local.modeJs) {","        // re-init local from window.local","        case 'browser':","            local = local.global.utility2.objectSetDefault(","                local.global.utility2_rollup || local.global.local,","                local.global.utility2","            );","            break;","        // re-init local from example.js","        case 'node':","            local = (local.global.utility2_rollup || require('utility2'))","                .requireReadme();","            break;","        }","        // export local","        local.global.local = local;","    }());","","","","    // run shared js-env code - function","    (function () {","        return;","    }());","    switch (local.modeJs) {","","","","    // run browser js-env code - function","    case 'browser':","        break;","","","","    // run node js-env code - function","    case 'node':","        break;","    }","","","","    // run shared js-env code - post-init","    (function () {","        return;","    }());","    switch (local.modeJs) {","","","","    // run browser js-env code - post-init","    case 'browser':","        local.testCase_browser_nullCase = local.testCase_browser_nullCase || function (","            options,","            onError","        ) {","        /*","         * this function will test browsers's null-case handling-behavior-behavior","         */","            onError(null, options);","        };","","        // run tests","        local.nop(local.modeTest &&","            document.querySelector('#testRunButton1') &&","            document.querySelector('#testRunButton1').click());","        break;","","","","    // run node js-env code - post-init","    /* istanbul ignore next */","    case 'node':","        local.testCase_buildApidoc_default = local.testCase_buildApidoc_default || function (","            options,","            onError","        ) {","        /*","         * this function will test buildApidoc's default handling-behavior-behavior","         */","            options = { modulePathList: module.paths };","            local.buildApidoc(options, onError);","        };","","        local.testCase_buildApp_default = local.testCase_buildApp_default || function (","            options,","            onError","        ) {","        /*","         * this function will test buildApp's default handling-behavior-behavior","         */","            local.testCase_buildReadme_default(options, local.onErrorThrow);","            local.testCase_buildLib_default(options, local.onErrorThrow);","            local.testCase_buildTest_default(options, local.onErrorThrow);","            local.testCase_buildCustomOrg_default(options, local.onErrorThrow);","            options = [];","            local.buildApp(options, onError);","        };","","        local.testCase_buildCustomOrg_default = local.testCase_buildCustomOrg_default ||","            function (options, onError) {","            /*","             * this function will test buildCustomOrg's default handling-behavior","             */","                options = {};","                local.buildCustomOrg(options, onError);","            };","","        local.testCase_buildLib_default = local.testCase_buildLib_default || function (","            options,","            onError","        ) {","        /*","         * this function will test buildLib's default handling-behavior","         */","            options = {};","            local.buildLib(options, onError);","        };","","        local.testCase_buildReadme_default = local.testCase_buildReadme_default || function (","            options,","            onError","        ) {","        /*","         * this function will test buildReadme's default handling-behavior-behavior","         */","            options = {};","            local.buildReadme(options, onError);","        };","","        local.testCase_buildTest_default = local.testCase_buildTest_default || function (","            options,","            onError","        ) {","        /*","         * this function will test buildTest's default handling-behavior","         */","            options = {};","            local.buildTest(options, onError);","        };","","        local.testCase_webpage_default = local.testCase_webpage_default || function (","            options,","            onError","        ) {","        /*","         * this function will test webpage's default handling-behavior","         */","            options = { modeCoverageMerge: true, url: local.serverLocalHost + '?modeTest=1' };","            local.browserTest(options, onError);","        };","","        // run test-server","        local.testRunServer(local);","        break;","    }","}());",""],"l":{"12":2,"14":2,"19":2,"21":2,"23":2,"24":2,"25":2,"30":1,"37":2,"40":2,"43":1,"47":1,"50":1,"52":1,"55":2,"61":2,"62":2,"64":2,"70":1,"76":1,"82":2,"83":2,"85":2,"91":1,"98":1,"102":1,"105":1,"112":1,"119":1,"120":1,"123":1,"130":1,"131":1,"132":1,"133":1,"134":1,"135":1,"138":1,"143":2,"144":2,"147":1,"154":2,"155":2,"158":1,"165":2,"166":2,"169":1,"176":2,"177":2,"180":1,"187":1,"188":1,"192":1,"193":1}},"/home/travis/build/npmtest/node-npmtest-snoocore/lib.npmtest_snoocore.js":{"path":"/home/travis/build/npmtest/node-npmtest-snoocore/lib.npmtest_snoocore.js","s":{"1":2,"2":2,"3":2,"4":2,"5":2,"6":2,"7":2,"8":1,"9":2,"10":2,"11":2,"12":2,"13":1,"14":1,"15":1,"16":1},"b":{"1":[2,1,1,1],"2":[1,1,1,1],"3":[1,1],"4":[2,2],"5":[1,1]},"f":{"1":2,"2":2,"3":2},"fnMap":{"1":{"name":"(anonymous_1)","line":12,"loc":{"start":{"line":12,"column":1},"end":{"line":12,"column":13}}},"2":{"name":"(anonymous_2)","line":19,"loc":{"start":{"line":19,"column":5},"end":{"line":19,"column":17}}},"3":{"name":"(anonymous_3)","line":23,"loc":{"start":{"line":23,"column":24},"end":{"line":23,"column":36}}}},"statementMap":{"1":{"start":{"line":12,"column":0},"end":{"line":53,"column":5}},"2":{"start":{"line":14,"column":4},"end":{"line":14,"column":14}},"3":{"start":{"line":19,"column":4},"end":{"line":52,"column":9}},"4":{"start":{"line":21,"column":8},"end":{"line":21,"column":19}},"5":{"start":{"line":23,"column":8},"end":{"line":35,"column":13}},"6":{"start":{"line":24,"column":12},"end":{"line":34,"column":13}},"7":{"start":{"line":25,"column":16},"end":{"line":28,"column":30}},"8":{"start":{"line":30,"column":16},"end":{"line":33,"column":27}},"9":{"start":{"line":37,"column":8},"end":{"line":39,"column":21}},"10":{"start":{"line":41,"column":8},"end":{"line":41,"column":54}},"11":{"start":{"line":43,"column":8},"end":{"line":43,"column":53}},"12":{"start":{"line":45,"column":8},"end":{"line":51,"column":9}},"13":{"start":{"line":46,"column":12},"end":{"line":46,"column":59}},"14":{"start":{"line":48,"column":12},"end":{"line":48,"column":35}},"15":{"start":{"line":49,"column":12},"end":{"line":49,"column":49}},"16":{"start":{"line":50,"column":12},"end":{"line":50,"column":43}}},"branchMap":{"1":{"line":25,"type":"binary-expr","locations":[{"start":{"line":25,"column":23},"end":{"line":25,"column":62}},{"start":{"line":26,"column":20},"end":{"line":26,"column":70}},{"start":{"line":27,"column":20},"end":{"line":27,"column":71}},{"start":{"line":28,"column":20},"end":{"line":28,"column":29}}]},"2":{"line":30,"type":"binary-expr","locations":[{"start":{"line":30,"column":23},"end":{"line":30,"column":37}},{"start":{"line":31,"column":20},"end":{"line":31,"column":61}},{"start":{"line":32,"column":20},"end":{"line":32,"column":70}},{"start":{"line":33,"column":20},"end":{"line":33,"column":26}}]},"3":{"line":37,"type":"cond-expr","locations":[{"start":{"line":38,"column":14},"end":{"line":38,"column":20}},{"start":{"line":39,"column":14},"end":{"line":39,"column":20}}]},"4":{"line":41,"type":"binary-expr","locations":[{"start":{"line":41,"column":16},"end":{"line":41,"column":44}},{"start":{"line":41,"column":48},"end":{"line":41,"column":53}}]},"5":{"line":45,"type":"if","locations":[{"start":{"line":45,"column":8},"end":{"line":45,"column":8}},{"start":{"line":45,"column":8},"end":{"line":45,"column":8}}]}},"code":["/* istanbul instrument in package npmtest_snoocore */","/*jslint","    bitwise: true,","    browser: true,","    maxerr: 8,","    maxlen: 96,","    node: true,","    nomen: true,","    regexp: true,","    stupid: true","*/","(function () {","    'use strict';","    var local;","","","","    // run shared js-env code - pre-init","    (function () {","        // init local","        local = {};","        // init modeJs","        local.modeJs = (function () {","            try {","                return typeof navigator.userAgent === 'string' &&","                    typeof document.querySelector('body') === 'object' &&","                    typeof XMLHttpRequest.prototype.open === 'function' &&","                    'browser';","            } catch (errorCaughtBrowser) {","                return module.exports &&","                    typeof process.versions.node === 'string' &&","                    typeof require('http').createServer === 'function' &&","                    'node';","            }","        }());","        // init global","        local.global = local.modeJs === 'browser'","            ? window","            : global;","        // init utility2_rollup","        local = local.global.utility2_rollup || local;","        // init lib","        local.local = local.npmtest_snoocore = local;","        // init exports","        if (local.modeJs === 'browser') {","            local.global.utility2_npmtest_snoocore = local;","        } else {","            module.exports = local;","            module.exports.__dirname = __dirname;","            module.exports.module = module;","        }","    }());","}());",""],"l":{"12":2,"14":2,"19":2,"21":2,"23":2,"24":2,"25":2,"30":1,"37":2,"41":2,"43":2,"45":2,"46":1,"48":1,"49":1,"50":1}},"/home/travis/build/npmtest/node-npmtest-snoocore/example.js":{"path":"/home/travis/build/npmtest/node-npmtest-snoocore/example.js","s":{"1":2,"2":2,"3":2,"4":2,"5":2,"6":2,"7":2,"8":1,"9":2,"10":2,"11":2,"12":2,"13":1,"14":2,"15":2,"16":2,"17":2,"18":2,"19":0,"20":2,"21":1,"22":1,"23":1,"24":1,"25":1,"26":0,"27":0,"28":1,"29":1,"30":2,"31":0,"32":0,"33":0,"34":1,"35":2,"36":2,"37":3,"38":3,"39":3,"40":3,"41":0,"42":3,"43":3,"44":3,"45":1,"46":3,"47":1,"48":1,"49":1,"50":1,"51":1,"52":1,"53":1,"54":1,"55":1,"56":1,"57":0,"58":1,"59":6,"60":6,"61":1,"62":2,"63":0,"64":2,"65":1,"66":1,"67":0,"68":0,"69":0,"70":0,"71":0,"72":0,"73":0,"74":0,"75":0,"76":0,"77":0,"78":0,"79":0,"80":0,"81":0,"82":0,"83":0},"b":{"1":[2,1,1,1],"2":[1,1,1,1],"3":[1,1],"4":[2,2],"5":[1,1],"6":[1,1],"7":[2,0],"8":[2,1,1,1,1,1],"9":[0,2,0],"10":[1,1],"11":[2,1,1],"12":[1,0],"13":[0,2],"14":[2,0,0,0,0,0,0],"15":[0,3],"16":[3,0],"17":[1,1],"18":[0,1],"19":[1,2,0,2],"20":[1,0],"21":[1,1],"22":[0,0],"23":[0,0],"24":[0,0],"25":[0,0],"26":[0,0],"27":[0,0],"28":[0,0]},"f":{"1":2,"2":2,"3":2,"4":2,"5":2,"6":2,"7":3,"8":3,"9":3,"10":1,"11":6,"12":0},"fnMap":{"1":{"name":"(anonymous_1)","line":26,"loc":{"start":{"line":26,"column":1},"end":{"line":26,"column":13}}},"2":{"name":"(anonymous_2)","line":33,"loc":{"start":{"line":33,"column":5},"end":{"line":33,"column":17}}},"3":{"name":"(anonymous_3)","line":37,"loc":{"start":{"line":37,"column":24},"end":{"line":37,"column":36}}},"4":{"name":"(anonymous_4)","line":69,"loc":{"start":{"line":69,"column":31},"end":{"line":69,"column":48}},"skip":true},"5":{"name":"(anonymous_5)","line":78,"loc":{"start":{"line":78,"column":26},"end":{"line":78,"column":45}},"skip":true},"6":{"name":"(anonymous_6)","line":123,"loc":{"start":{"line":123,"column":33},"end":{"line":123,"column":48}},"skip":true},"7":{"name":"(anonymous_7)","line":125,"loc":{"start":{"line":125,"column":27},"end":{"line":125,"column":39}},"skip":true},"8":{"name":"(anonymous_8)","line":133,"loc":{"start":{"line":133,"column":59},"end":{"line":133,"column":74}},"skip":true},"9":{"name":"(anonymous_9)","line":143,"loc":{"start":{"line":143,"column":45},"end":{"line":143,"column":62}},"skip":true},"10":{"name":"(anonymous_10)","line":144,"loc":{"start":{"line":144,"column":73},"end":{"line":144,"column":92}},"skip":true},"11":{"name":"(anonymous_11)","line":272,"loc":{"start":{"line":272,"column":51},"end":{"line":272,"column":77}},"skip":true},"12":{"name":"(anonymous_12)","line":315,"loc":{"start":{"line":315,"column":32},"end":{"line":315,"column":61}},"skip":true}},"statementMap":{"1":{"start":{"line":26,"column":0},"end":{"line":326,"column":5}},"2":{"start":{"line":28,"column":4},"end":{"line":28,"column":14}},"3":{"start":{"line":33,"column":4},"end":{"line":60,"column":9}},"4":{"start":{"line":35,"column":8},"end":{"line":35,"column":19}},"5":{"start":{"line":37,"column":8},"end":{"line":49,"column":13}},"6":{"start":{"line":38,"column":12},"end":{"line":48,"column":13}},"7":{"start":{"line":39,"column":16},"end":{"line":42,"column":30}},"8":{"start":{"line":44,"column":16},"end":{"line":47,"column":27}},"9":{"start":{"line":51,"column":8},"end":{"line":53,"column":21}},"10":{"start":{"line":55,"column":8},"end":{"line":57,"column":45}},"11":{"start":{"line":59,"column":8},"end":{"line":59,"column":35}},"12":{"start":{"line":61,"column":4},"end":{"line":325,"column":5}},"13":{"start":{"line":69,"column":8},"end":{"line":121,"column":10},"skip":true},"14":{"start":{"line":70,"column":12},"end":{"line":88,"column":13},"skip":true},"15":{"start":{"line":76,"column":16},"end":{"line":87,"column":19},"skip":true},"16":{"start":{"line":79,"column":20},"end":{"line":86,"column":21},"skip":true},"17":{"start":{"line":82,"column":24},"end":{"line":82,"column":43},"skip":true},"18":{"start":{"line":83,"column":24},"end":{"line":83,"column":30},"skip":true},"19":{"start":{"line":85,"column":24},"end":{"line":85,"column":49},"skip":true},"20":{"start":{"line":89,"column":12},"end":{"line":107,"column":13},"skip":true},"21":{"start":{"line":92,"column":16},"end":{"line":102,"column":17},"skip":true},"22":{"start":{"line":93,"column":20},"end":{"line":93,"column":86},"skip":true},"23":{"start":{"line":94,"column":20},"end":{"line":95,"column":45},"skip":true},"24":{"start":{"line":96,"column":20},"end":{"line":96,"column":42},"skip":true},"25":{"start":{"line":97,"column":20},"end":{"line":97,"column":48},"skip":true},"26":{"start":{"line":100,"column":20},"end":{"line":100,"column":85},"skip":true},"27":{"start":{"line":101,"column":20},"end":{"line":101,"column":96},"skip":true},"28":{"start":{"line":103,"column":16},"end":{"line":103,"column":22},"skip":true},"29":{"start":{"line":106,"column":16},"end":{"line":106,"column":22},"skip":true},"30":{"start":{"line":108,"column":12},"end":{"line":120,"column":13},"skip":true},"31":{"start":{"line":114,"column":16},"end":{"line":119,"column":17},"skip":true},"32":{"start":{"line":116,"column":20},"end":{"line":116,"column":78},"skip":true},"33":{"start":{"line":118,"column":20},"end":{"line":118,"column":47},"skip":true},"34":{"start":{"line":123,"column":8},"end":{"line":141,"column":11},"skip":true},"35":{"start":{"line":124,"column":12},"end":{"line":124,"column":54},"skip":true},"36":{"start":{"line":125,"column":12},"end":{"line":140,"column":14},"skip":true},"37":{"start":{"line":126,"column":16},"end":{"line":126,"column":28},"skip":true},"38":{"start":{"line":127,"column":16},"end":{"line":127,"column":69},"skip":true},"39":{"start":{"line":128,"column":16},"end":{"line":128,"column":75},"skip":true},"40":{"start":{"line":129,"column":16},"end":{"line":131,"column":17},"skip":true},"41":{"start":{"line":130,"column":20},"end":{"line":130,"column":27},"skip":true},"42":{"start":{"line":133,"column":16},"end":{"line":137,"column":36},"skip":true},"43":{"start":{"line":134,"column":20},"end":{"line":136,"column":55},"skip":true},"44":{"start":{"line":139,"column":16},"end":{"line":139,"column":57},"skip":true},"45":{"start":{"line":143,"column":8},"end":{"line":147,"column":11},"skip":true},"46":{"start":{"line":144,"column":12},"end":{"line":146,"column":15},"skip":true},"47":{"start":{"line":145,"column":16},"end":{"line":145,"column":70},"skip":true},"48":{"start":{"line":149,"column":8},"end":{"line":149,"column":31},"skip":true},"49":{"start":{"line":150,"column":8},"end":{"line":150,"column":14},"skip":true},"50":{"start":{"line":158,"column":8},"end":{"line":158,"column":31},"skip":true},"51":{"start":{"line":160,"column":8},"end":{"line":160,"column":33},"skip":true},"52":{"start":{"line":161,"column":8},"end":{"line":161,"column":37},"skip":true},"53":{"start":{"line":162,"column":8},"end":{"line":162,"column":35},"skip":true},"54":{"start":{"line":164,"column":8},"end":{"line":164,"column":50},"skip":true},"55":{"start":{"line":166,"column":8},"end":{"line":256,"column":2},"skip":true},"56":{"start":{"line":258,"column":8},"end":{"line":286,"column":9},"skip":true},"57":{"start":{"line":259,"column":12},"end":{"line":269,"column":14},"skip":true},"58":{"start":{"line":271,"column":12},"end":{"line":285,"column":19},"skip":true},"59":{"start":{"line":274,"column":20},"end":{"line":274,"column":35},"skip":true},"60":{"start":{"line":275,"column":20},"end":{"line":284,"column":21},"skip":true},"61":{"start":{"line":277,"column":24},"end":{"line":277,"column":64},"skip":true},"62":{"start":{"line":279,"column":24},"end":{"line":279,"column":40},"skip":true},"63":{"start":{"line":281,"column":24},"end":{"line":281,"column":40},"skip":true},"64":{"start":{"line":283,"column":24},"end":{"line":283,"column":39},"skip":true},"65":{"start":{"line":288,"column":8},"end":{"line":290,"column":9},"skip":true},"66":{"start":{"line":289,"column":12},"end":{"line":289,"column":18},"skip":true},"67":{"start":{"line":291,"column":8},"end":{"line":293,"column":54},"skip":true},"68":{"start":{"line":296,"column":8},"end":{"line":301,"column":37},"skip":true},"69":{"start":{"line":303,"column":8},"end":{"line":303,"column":82},"skip":true},"70":{"start":{"line":306,"column":8},"end":{"line":308,"column":9},"skip":true},"71":{"start":{"line":307,"column":12},"end":{"line":307,"column":82},"skip":true},"72":{"start":{"line":310,"column":8},"end":{"line":312,"column":9},"skip":true},"73":{"start":{"line":311,"column":12},"end":{"line":311,"column":18},"skip":true},"74":{"start":{"line":313,"column":8},"end":{"line":313,"column":54},"skip":true},"75":{"start":{"line":314,"column":8},"end":{"line":314,"column":69},"skip":true},"76":{"start":{"line":315,"column":8},"end":{"line":323,"column":36},"skip":true},"77":{"start":{"line":316,"column":12},"end":{"line":316,"column":61},"skip":true},"78":{"start":{"line":317,"column":12},"end":{"line":320,"column":13},"skip":true},"79":{"start":{"line":318,"column":16},"end":{"line":318,"column":75},"skip":true},"80":{"start":{"line":319,"column":16},"end":{"line":319,"column":23},"skip":true},"81":{"start":{"line":321,"column":12},"end":{"line":321,"column":38},"skip":true},"82":{"start":{"line":322,"column":12},"end":{"line":322,"column":27},"skip":true},"83":{"start":{"line":324,"column":8},"end":{"line":324,"column":14},"skip":true}},"branchMap":{"1":{"line":39,"type":"binary-expr","locations":[{"start":{"line":39,"column":23},"end":{"line":39,"column":62}},{"start":{"line":40,"column":20},"end":{"line":40,"column":70}},{"start":{"line":41,"column":20},"end":{"line":41,"column":71}},{"start":{"line":42,"column":20},"end":{"line":42,"column":29}}]},"2":{"line":44,"type":"binary-expr","locations":[{"start":{"line":44,"column":23},"end":{"line":44,"column":37}},{"start":{"line":45,"column":20},"end":{"line":45,"column":61}},{"start":{"line":46,"column":20},"end":{"line":46,"column":70}},{"start":{"line":47,"column":20},"end":{"line":47,"column":26}}]},"3":{"line":51,"type":"cond-expr","locations":[{"start":{"line":52,"column":14},"end":{"line":52,"column":20}},{"start":{"line":53,"column":14},"end":{"line":53,"column":20}}]},"4":{"line":55,"type":"binary-expr","locations":[{"start":{"line":55,"column":16},"end":{"line":55,"column":44}},{"start":{"line":55,"column":49},"end":{"line":57,"column":43}}]},"5":{"line":55,"type":"cond-expr","locations":[{"start":{"line":56,"column":14},"end":{"line":56,"column":52}},{"start":{"line":57,"column":14},"end":{"line":57,"column":43}}]},"6":{"line":61,"type":"switch","locations":[{"start":{"line":68,"column":4},"end":{"line":150,"column":14},"skip":true},{"start":{"line":156,"column":4},"end":{"line":324,"column":14},"skip":true}]},"7":{"line":70,"type":"if","locations":[{"start":{"line":70,"column":12},"end":{"line":70,"column":12},"skip":true},{"start":{"line":70,"column":12},"end":{"line":70,"column":12},"skip":true}]},"8":{"line":70,"type":"binary-expr","locations":[{"start":{"line":70,"column":16},"end":{"line":70,"column":22},"skip":true},{"start":{"line":70,"column":27},"end":{"line":70,"column":32},"skip":true},{"start":{"line":71,"column":20},"end":{"line":71,"column":39},"skip":true},{"start":{"line":72,"column":20},"end":{"line":72,"column":49},"skip":true},{"start":{"line":73,"column":20},"end":{"line":73,"column":58},"skip":true},{"start":{"line":74,"column":20},"end":{"line":74,"column":69},"skip":true}]},"9":{"line":79,"type":"switch","locations":[{"start":{"line":80,"column":20},"end":{"line":80,"column":33},"skip":true},{"start":{"line":81,"column":20},"end":{"line":83,"column":30},"skip":true},{"start":{"line":84,"column":20},"end":{"line":85,"column":49},"skip":true}]},"10":{"line":89,"type":"switch","locations":[{"start":{"line":90,"column":12},"end":{"line":103,"column":22},"skip":true},{"start":{"line":105,"column":12},"end":{"line":106,"column":22},"skip":true}]},"11":{"line":89,"type":"binary-expr","locations":[{"start":{"line":89,"column":20},"end":{"line":89,"column":25},"skip":true},{"start":{"line":89,"column":29},"end":{"line":89,"column":48},"skip":true},{"start":{"line":89,"column":52},"end":{"line":89,"column":74},"skip":true}]},"12":{"line":92,"type":"if","locations":[{"start":{"line":92,"column":16},"end":{"line":92,"column":16},"skip":true},{"start":{"line":92,"column":16},"end":{"line":92,"column":16},"skip":true}]},"13":{"line":108,"type":"if","locations":[{"start":{"line":108,"column":12},"end":{"line":108,"column":12},"skip":true},{"start":{"line":108,"column":12},"end":{"line":108,"column":12},"skip":true}]},"14":{"line":108,"type":"binary-expr","locations":[{"start":{"line":108,"column":16},"end":{"line":108,"column":61},"skip":true},{"start":{"line":108,"column":66},"end":{"line":108,"column":72},"skip":true},{"start":{"line":108,"column":77},"end":{"line":108,"column":82},"skip":true},{"start":{"line":109,"column":20},"end":{"line":109,"column":39},"skip":true},{"start":{"line":110,"column":20},"end":{"line":110,"column":49},"skip":true},{"start":{"line":111,"column":20},"end":{"line":111,"column":58},"skip":true},{"start":{"line":112,"column":20},"end":{"line":112,"column":68},"skip":true}]},"15":{"line":129,"type":"if","locations":[{"start":{"line":129,"column":16},"end":{"line":129,"column":16},"skip":true},{"start":{"line":129,"column":16},"end":{"line":129,"column":16},"skip":true}]},"16":{"line":134,"type":"cond-expr","locations":[{"start":{"line":135,"column":26},"end":{"line":135,"column":29},"skip":true},{"start":{"line":136,"column":26},"end":{"line":136,"column":54},"skip":true}]},"17":{"line":164,"type":"binary-expr","locations":[{"start":{"line":164,"column":27},"end":{"line":164,"column":43},"skip":true},{"start":{"line":164,"column":47},"end":{"line":164,"column":49},"skip":true}]},"18":{"line":258,"type":"if","locations":[{"start":{"line":258,"column":8},"end":{"line":258,"column":8},"skip":true},{"start":{"line":258,"column":8},"end":{"line":258,"column":8},"skip":true}]},"19":{"line":275,"type":"switch","locations":[{"start":{"line":276,"column":20},"end":{"line":277,"column":64},"skip":true},{"start":{"line":278,"column":20},"end":{"line":279,"column":40},"skip":true},{"start":{"line":280,"column":20},"end":{"line":281,"column":40},"skip":true},{"start":{"line":282,"column":20},"end":{"line":283,"column":39},"skip":true}]},"20":{"line":288,"type":"if","locations":[{"start":{"line":288,"column":8},"end":{"line":288,"column":8},"skip":true},{"start":{"line":288,"column":8},"end":{"line":288,"column":8},"skip":true}]},"21":{"line":288,"type":"binary-expr","locations":[{"start":{"line":288,"column":12},"end":{"line":288,"column":40},"skip":true},{"start":{"line":288,"column":44},"end":{"line":288,"column":67},"skip":true}]},"22":{"line":292,"type":"binary-expr","locations":[{"start":{"line":292,"column":12},"end":{"line":292,"column":50},"skip":true},{"start":{"line":293,"column":12},"end":{"line":293,"column":53},"skip":true}]},"23":{"line":297,"type":"binary-expr","locations":[{"start":{"line":297,"column":12},"end":{"line":297,"column":66},"skip":true},{"start":{"line":298,"column":12},"end":{"line":301,"column":36},"skip":true}]},"24":{"line":303,"type":"binary-expr","locations":[{"start":{"line":303,"column":43},"end":{"line":303,"column":75},"skip":true},{"start":{"line":303,"column":79},"end":{"line":303,"column":81},"skip":true}]},"25":{"line":306,"type":"if","locations":[{"start":{"line":306,"column":8},"end":{"line":306,"column":8},"skip":true},{"start":{"line":306,"column":8},"end":{"line":306,"column":8},"skip":true}]},"26":{"line":310,"type":"if","locations":[{"start":{"line":310,"column":8},"end":{"line":310,"column":8},"skip":true},{"start":{"line":310,"column":8},"end":{"line":310,"column":8},"skip":true}]},"27":{"line":313,"type":"binary-expr","locations":[{"start":{"line":313,"column":27},"end":{"line":313,"column":43},"skip":true},{"start":{"line":313,"column":47},"end":{"line":313,"column":53},"skip":true}]},"28":{"line":317,"type":"if","locations":[{"start":{"line":317,"column":12},"end":{"line":317,"column":12},"skip":true},{"start":{"line":317,"column":12},"end":{"line":317,"column":12},"skip":true}]}},"code":["/*","example.js","","quickstart example","","instruction","    1. save this script as example.js","    2. run the shell command:","        $ npm install npmtest-snoocore && PORT=8081 node example.js","    3. play with the browser-demo on http://127.0.0.1:8081","*/","","","","/* istanbul instrument in package npmtest_snoocore */","/*jslint","    bitwise: true,","    browser: true,","    maxerr: 8,","    maxlen: 96,","    node: true,","    nomen: true,","    regexp: true,","    stupid: true","*/","(function () {","    'use strict';","    var local;","","","","    // run shared js-env code - pre-init","    (function () {","        // init local","        local = {};","        // init modeJs","        local.modeJs = (function () {","            try {","                return typeof navigator.userAgent === 'string' &&","                    typeof document.querySelector('body') === 'object' &&","                    typeof XMLHttpRequest.prototype.open === 'function' &&","                    'browser';","            } catch (errorCaughtBrowser) {","                return module.exports &&","                    typeof process.versions.node === 'string' &&","                    typeof require('http').createServer === 'function' &&","                    'node';","            }","        }());","        // init global","        local.global = local.modeJs === 'browser'","            ? window","            : global;","        // init utility2_rollup","        local = local.global.utility2_rollup || (local.modeJs === 'browser'","            ? local.global.utility2_npmtest_snoocore","            : global.utility2_moduleExports);","        // export local","        local.global.local = local;","    }());","    switch (local.modeJs) {","","","","    // post-init","    // run browser js-env code - post-init","    /* istanbul ignore next */","    case 'browser':","        local.testRunBrowser = function (event) {","            if (!event || (event &&","                    event.currentTarget &&","                    event.currentTarget.className &&","                    event.currentTarget.className.includes &&","                    event.currentTarget.className.includes('onreset'))) {","                // reset output","                Array.from(","                    document.querySelectorAll('body > .resettable')","                ).forEach(function (element) {","                    switch (element.tagName) {","                    case 'INPUT':","                    case 'TEXTAREA':","                        element.value = '';","                        break;","                    default:","                        element.textContent = '';","                    }","                });","            }","            switch (event && event.currentTarget && event.currentTarget.id) {","            case 'testRunButton1':","                // show tests","                if (document.querySelector('#testReportDiv1').style.display === 'none') {","                    document.querySelector('#testReportDiv1').style.display = 'block';","                    document.querySelector('#testRunButton1').textContent =","                        'hide internal test';","                    local.modeTest = true;","                    local.testRunDefault(local);","                // hide tests","                } else {","                    document.querySelector('#testReportDiv1').style.display = 'none';","                    document.querySelector('#testRunButton1').textContent = 'run internal test';","                }","                break;","            // custom-case","            default:","                break;","            }","            if (document.querySelector('#inputTextareaEval1') && (!event || (event &&","                    event.currentTarget &&","                    event.currentTarget.className &&","                    event.currentTarget.className.includes &&","                    event.currentTarget.className.includes('oneval')))) {","                // try to eval input-code","                try {","                    /*jslint evil: true*/","                    eval(document.querySelector('#inputTextareaEval1').value);","                } catch (errorCaught) {","                    console.error(errorCaught);","                }","            }","        };","        // log stderr and stdout to #outputTextareaStdout1","        ['error', 'log'].forEach(function (key) {","            console[key + '_original'] = console[key];","            console[key] = function () {","                var element;","                console[key + '_original'].apply(console, arguments);","                element = document.querySelector('#outputTextareaStdout1');","                if (!element) {","                    return;","                }","                // append text to #outputTextareaStdout1","                element.value += Array.from(arguments).map(function (arg) {","                    return typeof arg === 'string'","                        ? arg","                        : JSON.stringify(arg, null, 4);","                }).join(' ') + '\\n';","                // scroll textarea to bottom","                element.scrollTop = element.scrollHeight;","            };","        });","        // init event-handling","        ['change', 'click', 'keyup'].forEach(function (event) {","            Array.from(document.querySelectorAll('.on' + event)).forEach(function (element) {","                element.addEventListener(event, local.testRunBrowser);","            });","        });","        // run tests","        local.testRunBrowser();","        break;","","","","    // run node js-env code - post-init","    /* istanbul ignore next */","    case 'node':","        // export local","        module.exports = local;","        // require modules","        local.fs = require('fs');","        local.http = require('http');","        local.url = require('url');","        // init assets","        local.assetsDict = local.assetsDict || {};","        /* jslint-ignore-begin */","        local.assetsDict['/assets.index.template.html'] = '\\","<!doctype html>\\n\\","<html lang=\"en\">\\n\\","<head>\\n\\","<meta charset=\"UTF-8\">\\n\\","<meta name=\"viewport\" content=\"width=device-width, initial-scale=1\">\\n\\","<title>{{env.npm_package_name}} (v{{env.npm_package_version}})</title>\\n\\","<style>\\n\\","/*csslint\\n\\","    box-sizing: false,\\n\\","    universal-selector: false\\n\\","*/\\n\\","* {\\n\\","    box-sizing: border-box;\\n\\","}\\n\\","body {\\n\\","    background: #dde;\\n\\","    font-family: Arial, Helvetica, sans-serif;\\n\\","    margin: 2rem;\\n\\","}\\n\\","body > * {\\n\\","    margin-bottom: 1rem;\\n\\","}\\n\\",".utility2FooterDiv {\\n\\","    margin-top: 20px;\\n\\","    text-align: center;\\n\\","}\\n\\","</style>\\n\\","<style>\\n\\","/*csslint\\n\\","*/\\n\\","textarea {\\n\\","    font-family: monospace;\\n\\","    height: 10rem;\\n\\","    width: 100%;\\n\\","}\\n\\","textarea[readonly] {\\n\\","    background: #ddd;\\n\\","}\\n\\","</style>\\n\\","</head>\\n\\","<body>\\n\\","<!-- utility2-comment\\n\\","<div id=\"ajaxProgressDiv1\" style=\"background: #d00; height: 2px; left: 0; margin: 0; padding: 0; position: fixed; top: 0; transition: background 0.5s, width 1.5s; width: 25%;\"></div>\\n\\","utility2-comment -->\\n\\","<h1>\\n\\","<!-- utility2-comment\\n\\","    <a\\n\\","        {{#if env.npm_package_homepage}}\\n\\","        href=\"{{env.npm_package_homepage}}\"\\n\\","        {{/if env.npm_package_homepage}}\\n\\","        target=\"_blank\"\\n\\","    >\\n\\","utility2-comment -->\\n\\","        {{env.npm_package_name}} (v{{env.npm_package_version}})\\n\\","<!-- utility2-comment\\n\\","    </a>\\n\\","utility2-comment -->\\n\\","</h1>\\n\\","<h3>{{env.npm_package_description}}</h3>\\n\\","<!-- utility2-comment\\n\\","<h4><a download href=\"assets.app.js\">download standalone app</a></h4>\\n\\","<button class=\"onclick onreset\" id=\"testRunButton1\">run internal test</button><br>\\n\\","<div id=\"testReportDiv1\" style=\"display: none;\"></div>\\n\\","utility2-comment -->\\n\\","\\n\\","\\n\\","\\n\\","<label>stderr and stdout</label>\\n\\","<textarea class=\"resettable\" id=\"outputTextareaStdout1\" readonly></textarea>\\n\\","<!-- utility2-comment\\n\\","{{#if isRollup}}\\n\\","<script src=\"assets.app.js\"></script>\\n\\","{{#unless isRollup}}\\n\\","utility2-comment -->\\n\\","<script src=\"assets.utility2.rollup.js\"></script>\\n\\","<script src=\"jsonp.utility2._stateInit?callback=window.utility2._stateInit\"></script>\\n\\","<script src=\"assets.npmtest_snoocore.rollup.js\"></script>\\n\\","<script src=\"assets.example.js\"></script>\\n\\","<script src=\"assets.test.js\"></script>\\n\\","<!-- utility2-comment\\n\\","{{/if isRollup}}\\n\\","utility2-comment -->\\n\\","<div class=\"utility2FooterDiv\">\\n\\","    [ this app was created with\\n\\","    <a href=\"https://github.com/kaizhu256/node-utility2\" target=\"_blank\">utility2</a>\\n\\","    ]\\n\\","</div>\\n\\","</body>\\n\\","</html>\\n\\","';","        /* jslint-ignore-end */","        if (local.templateRender) {","            local.assetsDict['/'] = local.templateRender(","                local.assetsDict['/assets.index.template.html'],","                {","                    env: local.objectSetDefault(local.env, {","                        npm_package_description: 'the greatest app in the world!',","                        npm_package_name: 'my-app',","                        npm_package_nameAlias: 'my_app',","                        npm_package_version: '0.0.1'","                    })","                }","            );","        } else {","            local.assetsDict['/'] = local.assetsDict['/assets.index.template.html']","                .replace((/\\{\\{env\\.(\\w+?)\\}\\}/g), function (match0, match1) {","                    // jslint-hack","                    String(match0);","                    switch (match1) {","                    case 'npm_package_description':","                        return 'the greatest app in the world!';","                    case 'npm_package_name':","                        return 'my-app';","                    case 'npm_package_nameAlias':","                        return 'my_app';","                    case 'npm_package_version':","                        return '0.0.1';","                    }","                });","        }","        // run the cli","        if (local.global.utility2_rollup || module !== require.main) {","            break;","        }","        local.assetsDict['/assets.example.js'] =","            local.assetsDict['/assets.example.js'] ||","            local.fs.readFileSync(__filename, 'utf8');","        // bug-workaround - long $npm_package_buildCustomOrg","        /* jslint-ignore-begin */","        local.assetsDict['/assets.npmtest_snoocore.rollup.js'] =","            local.assetsDict['/assets.npmtest_snoocore.rollup.js'] ||","            local.fs.readFileSync(","                local.npmtest_snoocore.__dirname + '/lib.npmtest_snoocore.js',","                'utf8'","            ).replace((/^#!/), '//');","        /* jslint-ignore-end */","        local.assetsDict['/favicon.ico'] = local.assetsDict['/favicon.ico'] || '';","        // if $npm_config_timeout_exit exists,","        // then exit this process after $npm_config_timeout_exit ms","        if (Number(process.env.npm_config_timeout_exit)) {","            setTimeout(process.exit, Number(process.env.npm_config_timeout_exit));","        }","        // start server","        if (local.global.utility2_serverHttp1) {","            break;","        }","        process.env.PORT = process.env.PORT || '8081';","        console.error('server starting on port ' + process.env.PORT);","        local.http.createServer(function (request, response) {","            request.urlParsed = local.url.parse(request.url);","            if (local.assetsDict[request.urlParsed.pathname] !== undefined) {","                response.end(local.assetsDict[request.urlParsed.pathname]);","                return;","            }","            response.statusCode = 404;","            response.end();","        }).listen(process.env.PORT);","        break;","    }","}());",""],"l":{"26":2,"28":2,"33":2,"35":2,"37":2,"38":2,"39":2,"44":1,"51":2,"55":2,"59":2,"61":2,"69":1,"70":2,"76":2,"79":2,"82":2,"83":2,"85":1,"89":2,"92":1,"93":1,"94":1,"96":1,"97":1,"100":1,"101":1,"103":1,"106":1,"108":2,"114":1,"116":1,"118":1,"123":1,"124":2,"125":2,"126":3,"127":3,"128":3,"129":3,"130":1,"133":3,"134":3,"139":3,"143":1,"144":3,"145":1,"149":1,"150":1,"158":1,"160":1,"161":1,"162":1,"164":1,"166":1,"258":1,"259":1,"271":1,"274":6,"275":6,"277":1,"279":2,"281":1,"283":2,"288":1,"289":1,"291":1,"296":1,"303":1,"306":1,"307":1,"310":1,"311":1,"313":1,"314":1,"315":1,"316":1,"317":1,"318":1,"319":1,"321":1,"322":1,"324":1}},"/home/travis/build/npmtest/node-npmtest-snoocore/node_modules/snoocore/build/src/Snoocore.js":{"path":"/home/travis/build/npmtest/node-npmtest-snoocore/node_modules/snoocore/build/src/Snoocore.js","s":{"1":1,"2":1,"3":1,"4":1,"5":2,"6":2,"7":2,"8":2,"9":1,"10":2,"11":1,"12":1,"13":0,"14":1,"15":1,"16":1,"17":1,"18":0,"19":0,"20":0,"21":0,"22":0,"23":0,"24":0,"25":0,"26":0,"27":0,"28":0,"29":0,"30":0,"31":0,"32":0,"33":0,"34":0,"35":0,"36":0,"37":0,"38":0,"39":0,"40":0,"41":0,"42":1,"43":9,"44":1,"45":0,"46":0,"47":1,"48":1,"49":0,"50":1,"51":1,"52":1,"53":1,"54":1,"55":1,"56":1,"57":1,"58":1,"59":1,"60":1,"61":1,"62":1,"63":1,"64":1,"65":1,"66":1,"67":1,"68":1,"69":1,"70":1,"71":1,"72":1,"73":1,"74":0,"75":0,"76":1,"77":0,"78":0,"79":0,"80":0,"81":0,"82":0,"83":0,"84":0,"85":0,"86":0,"87":0,"88":0,"89":0,"90":0,"91":0,"92":0,"93":0,"94":0,"95":0,"96":0,"97":0,"98":0,"99":0,"100":0,"101":0,"102":0,"103":0,"104":0,"105":0,"106":0,"107":0,"108":0,"109":1,"110":1,"111":1},"b":{"1":[2,2],"2":[1,1],"3":[0,1],"4":[1,0],"5":[0,0],"6":[0,0],"7":[0,0],"8":[0,0],"9":[0,0],"10":[1,8],"11":[9,9],"12":[0,0],"13":[0,1],"14":[1,0],"15":[1,1],"16":[1,0],"17":[1,0],"18":[0,0]},"f":{"1":1,"2":1,"3":1,"4":0,"5":9,"6":0,"7":1,"8":1,"9":0,"10":0,"11":0,"12":0,"13":0,"14":0,"15":0,"16":0,"17":0,"18":0},"fnMap":{"1":{"name":"(anonymous_1)","line":8,"loc":{"start":{"line":8,"column":20},"end":{"line":8,"column":32}}},"2":{"name":"defineProperties","line":8,"loc":{"start":{"line":8,"column":34},"end":{"line":8,"column":75}}},"3":{"name":"(anonymous_3)","line":8,"loc":{"start":{"line":8,"column":358},"end":{"line":8,"column":406}}},"4":{"name":"get","line":10,"loc":{"start":{"line":10,"column":11},"end":{"line":10,"column":38}}},"5":{"name":"_interopRequireDefault","line":12,"loc":{"start":{"line":12,"column":0},"end":{"line":12,"column":37}}},"6":{"name":"_classCallCheck","line":14,"loc":{"start":{"line":14,"column":0},"end":{"line":14,"column":48}}},"7":{"name":"_inherits","line":16,"loc":{"start":{"line":16,"column":0},"end":{"line":16,"column":41}}},"8":{"name":"(anonymous_8)","line":56,"loc":{"start":{"line":56,"column":16},"end":{"line":56,"column":48}}},"9":{"name":"file","line":61,"loc":{"start":{"line":61,"column":11},"end":{"line":61,"column":27}}},"10":{"name":"get","line":66,"loc":{"start":{"line":66,"column":9},"end":{"line":66,"column":24}}},"11":{"name":"Snoocore","line":71,"loc":{"start":{"line":71,"column":2},"end":{"line":71,"column":39}}},"12":{"name":"(anonymous_12)","line":85,"loc":{"start":{"line":85,"column":39},"end":{"line":85,"column":64}}},"13":{"name":"(anonymous_13)","line":98,"loc":{"start":{"line":98,"column":211},"end":{"line":98,"column":225}}},"14":{"name":"(anonymous_14)","line":106,"loc":{"start":{"line":106,"column":98},"end":{"line":106,"column":112}}},"15":{"name":"(anonymous_15)","line":114,"loc":{"start":{"line":114,"column":44},"end":{"line":114,"column":67}}},"16":{"name":"(anonymous_16)","line":120,"loc":{"start":{"line":120,"column":51},"end":{"line":120,"column":76}}},"17":{"name":"(anonymous_17)","line":124,"loc":{"start":{"line":124,"column":41},"end":{"line":124,"column":66}}},"18":{"name":"(anonymous_18)","line":128,"loc":{"start":{"line":128,"column":49},"end":{"line":128,"column":74}}}},"statementMap":{"1":{"start":{"line":4,"column":0},"end":{"line":6,"column":3}},"2":{"start":{"line":8,"column":0},"end":{"line":8,"column":566}},"3":{"start":{"line":8,"column":34},"end":{"line":8,"column":350}},"4":{"start":{"line":8,"column":77},"end":{"line":8,"column":348}},"5":{"start":{"line":8,"column":118},"end":{"line":8,"column":144}},"6":{"start":{"line":8,"column":145},"end":{"line":8,"column":200}},"7":{"start":{"line":8,"column":201},"end":{"line":8,"column":232}},"8":{"start":{"line":8,"column":233},"end":{"line":8,"column":287}},"9":{"start":{"line":8,"column":260},"end":{"line":8,"column":287}},"10":{"start":{"line":8,"column":288},"end":{"line":8,"column":346}},"11":{"start":{"line":8,"column":351},"end":{"line":8,"column":560}},"12":{"start":{"line":8,"column":408},"end":{"line":8,"column":476}},"13":{"start":{"line":8,"column":424},"end":{"line":8,"column":476}},"14":{"start":{"line":8,"column":477},"end":{"line":8,"column":537}},"15":{"start":{"line":8,"column":494},"end":{"line":8,"column":537}},"16":{"start":{"line":8,"column":538},"end":{"line":8,"column":557}},"17":{"start":{"line":10,"column":0},"end":{"line":10,"column":658}},"18":{"start":{"line":10,"column":40},"end":{"line":10,"column":58}},"19":{"start":{"line":10,"column":59},"end":{"line":10,"column":655}},"20":{"start":{"line":10,"column":70},"end":{"line":10,"column":655}},"21":{"start":{"line":10,"column":87},"end":{"line":10,"column":135}},"22":{"start":{"line":10,"column":136},"end":{"line":10,"column":151}},"23":{"start":{"line":10,"column":152},"end":{"line":10,"column":201}},"24":{"start":{"line":10,"column":173},"end":{"line":10,"column":201}},"25":{"start":{"line":10,"column":202},"end":{"line":10,"column":263}},"26":{"start":{"line":10,"column":264},"end":{"line":10,"column":653}},"27":{"start":{"line":10,"column":290},"end":{"line":10,"column":333}},"28":{"start":{"line":10,"column":334},"end":{"line":10,"column":492}},"29":{"start":{"line":10,"column":357},"end":{"line":10,"column":374}},"30":{"start":{"line":10,"column":384},"end":{"line":10,"column":396}},"31":{"start":{"line":10,"column":397},"end":{"line":10,"column":412}},"32":{"start":{"line":10,"column":413},"end":{"line":10,"column":428}},"33":{"start":{"line":10,"column":429},"end":{"line":10,"column":443}},"34":{"start":{"line":10,"column":444},"end":{"line":10,"column":470}},"35":{"start":{"line":10,"column":471},"end":{"line":10,"column":490}},"36":{"start":{"line":10,"column":500},"end":{"line":10,"column":653}},"37":{"start":{"line":10,"column":523},"end":{"line":10,"column":541}},"38":{"start":{"line":10,"column":551},"end":{"line":10,"column":573}},"39":{"start":{"line":10,"column":574},"end":{"line":10,"column":621}},"40":{"start":{"line":10,"column":602},"end":{"line":10,"column":619}},"41":{"start":{"line":10,"column":622},"end":{"line":10,"column":651}},"42":{"start":{"line":12,"column":0},"end":{"line":12,"column":97}},"43":{"start":{"line":12,"column":39},"end":{"line":12,"column":95}},"44":{"start":{"line":14,"column":0},"end":{"line":14,"column":153}},"45":{"start":{"line":14,"column":50},"end":{"line":14,"column":151}},"46":{"start":{"line":14,"column":92},"end":{"line":14,"column":149}},"47":{"start":{"line":16,"column":0},"end":{"line":16,"column":494}},"48":{"start":{"line":16,"column":43},"end":{"line":16,"column":208}},"49":{"start":{"line":16,"column":106},"end":{"line":16,"column":206}},"50":{"start":{"line":16,"column":209},"end":{"line":16,"column":373}},"51":{"start":{"line":16,"column":374},"end":{"line":16,"column":492}},"52":{"start":{"line":16,"column":390},"end":{"line":16,"column":492}},"53":{"start":{"line":18,"column":0},"end":{"line":18,"column":32}},"54":{"start":{"line":20,"column":0},"end":{"line":20,"column":47}},"55":{"start":{"line":22,"column":0},"end":{"line":22,"column":28}},"56":{"start":{"line":24,"column":0},"end":{"line":24,"column":43}},"57":{"start":{"line":28,"column":0},"end":{"line":28,"column":36}},"58":{"start":{"line":30,"column":0},"end":{"line":30,"column":49}},"59":{"start":{"line":32,"column":0},"end":{"line":32,"column":48}},"60":{"start":{"line":34,"column":0},"end":{"line":34,"column":61}},"61":{"start":{"line":36,"column":0},"end":{"line":36,"column":38}},"62":{"start":{"line":38,"column":0},"end":{"line":38,"column":51}},"63":{"start":{"line":40,"column":0},"end":{"line":40,"column":42}},"64":{"start":{"line":42,"column":0},"end":{"line":42,"column":55}},"65":{"start":{"line":44,"column":0},"end":{"line":44,"column":32}},"66":{"start":{"line":46,"column":0},"end":{"line":46,"column":45}},"67":{"start":{"line":48,"column":0},"end":{"line":48,"column":36}},"68":{"start":{"line":50,"column":0},"end":{"line":50,"column":49}},"69":{"start":{"line":52,"column":0},"end":{"line":52,"column":41}},"70":{"start":{"line":54,"column":0},"end":{"line":54,"column":53}},"71":{"start":{"line":56,"column":0},"end":{"line":151,"column":37}},"72":{"start":{"line":57,"column":2},"end":{"line":57,"column":44}},"73":{"start":{"line":59,"column":2},"end":{"line":69,"column":6}},"74":{"start":{"line":62,"column":6},"end":{"line":62,"column":64}},"75":{"start":{"line":67,"column":6},"end":{"line":67,"column":21}},"76":{"start":{"line":71,"column":2},"end":{"line":148,"column":3}},"77":{"start":{"line":72,"column":4},"end":{"line":72,"column":21}},"78":{"start":{"line":74,"column":4},"end":{"line":74,"column":36}},"79":{"start":{"line":76,"column":4},"end":{"line":76,"column":84}},"80":{"start":{"line":79,"column":4},"end":{"line":79,"column":70}},"81":{"start":{"line":81,"column":4},"end":{"line":81,"column":74}},"82":{"start":{"line":83,"column":4},"end":{"line":83,"column":61}},"83":{"start":{"line":85,"column":4},"end":{"line":87,"column":7}},"84":{"start":{"line":86,"column":6},"end":{"line":86,"column":50}},"85":{"start":{"line":94,"column":4},"end":{"line":94,"column":73}},"86":{"start":{"line":95,"column":4},"end":{"line":95,"column":80}},"87":{"start":{"line":98,"column":4},"end":{"line":100,"column":7}},"88":{"start":{"line":99,"column":6},"end":{"line":99,"column":52}},"89":{"start":{"line":102,"column":4},"end":{"line":109,"column":5}},"90":{"start":{"line":103,"column":6},"end":{"line":103,"column":79}},"91":{"start":{"line":106,"column":6},"end":{"line":108,"column":9}},"92":{"start":{"line":107,"column":8},"end":{"line":107,"column":58}},"93":{"start":{"line":111,"column":4},"end":{"line":111,"column":85}},"94":{"start":{"line":114,"column":4},"end":{"line":116,"column":7}},"95":{"start":{"line":115,"column":6},"end":{"line":115,"column":56}},"96":{"start":{"line":118,"column":4},"end":{"line":118,"column":135}},"97":{"start":{"line":120,"column":4},"end":{"line":122,"column":7}},"98":{"start":{"line":121,"column":6},"end":{"line":121,"column":56}},"99":{"start":{"line":124,"column":4},"end":{"line":126,"column":7}},"100":{"start":{"line":125,"column":6},"end":{"line":125,"column":46}},"101":{"start":{"line":128,"column":4},"end":{"line":133,"column":7}},"102":{"start":{"line":130,"column":6},"end":{"line":130,"column":54}},"103":{"start":{"line":132,"column":6},"end":{"line":132,"column":67}},"104":{"start":{"line":140,"column":4},"end":{"line":140,"column":66}},"105":{"start":{"line":142,"column":4},"end":{"line":142,"column":24}},"106":{"start":{"line":143,"column":4},"end":{"line":145,"column":5}},"107":{"start":{"line":144,"column":6},"end":{"line":144,"column":28}},"108":{"start":{"line":147,"column":4},"end":{"line":147,"column":16}},"109":{"start":{"line":150,"column":2},"end":{"line":150,"column":18}},"110":{"start":{"line":153,"column":0},"end":{"line":153,"column":30}},"111":{"start":{"line":154,"column":0},"end":{"line":154,"column":36}}},"branchMap":{"1":{"line":8,"type":"binary-expr","locations":[{"start":{"line":8,"column":169},"end":{"line":8,"column":190}},{"start":{"line":8,"column":194},"end":{"line":8,"column":199}}]},"2":{"line":8,"type":"if","locations":[{"start":{"line":8,"column":233},"end":{"line":8,"column":233}},{"start":{"line":8,"column":233},"end":{"line":8,"column":233}}]},"3":{"line":8,"type":"if","locations":[{"start":{"line":8,"column":408},"end":{"line":8,"column":408}},{"start":{"line":8,"column":408},"end":{"line":8,"column":408}}]},"4":{"line":8,"type":"if","locations":[{"start":{"line":8,"column":477},"end":{"line":8,"column":477}},{"start":{"line":8,"column":477},"end":{"line":8,"column":477}}]},"5":{"line":10,"type":"if","locations":[{"start":{"line":10,"column":152},"end":{"line":10,"column":152}},{"start":{"line":10,"column":152},"end":{"line":10,"column":152}}]},"6":{"line":10,"type":"if","locations":[{"start":{"line":10,"column":264},"end":{"line":10,"column":264}},{"start":{"line":10,"column":264},"end":{"line":10,"column":264}}]},"7":{"line":10,"type":"if","locations":[{"start":{"line":10,"column":334},"end":{"line":10,"column":334}},{"start":{"line":10,"column":334},"end":{"line":10,"column":334}}]},"8":{"line":10,"type":"if","locations":[{"start":{"line":10,"column":500},"end":{"line":10,"column":500}},{"start":{"line":10,"column":500},"end":{"line":10,"column":500}}]},"9":{"line":10,"type":"if","locations":[{"start":{"line":10,"column":574},"end":{"line":10,"column":574}},{"start":{"line":10,"column":574},"end":{"line":10,"column":574}}]},"10":{"line":12,"type":"cond-expr","locations":[{"start":{"line":12,"column":70},"end":{"line":12,"column":73}},{"start":{"line":12,"column":76},"end":{"line":12,"column":94}}]},"11":{"line":12,"type":"binary-expr","locations":[{"start":{"line":12,"column":46},"end":{"line":12,"column":49}},{"start":{"line":12,"column":53},"end":{"line":12,"column":67}}]},"12":{"line":14,"type":"if","locations":[{"start":{"line":14,"column":50},"end":{"line":14,"column":50}},{"start":{"line":14,"column":50},"end":{"line":14,"column":50}}]},"13":{"line":16,"type":"if","locations":[{"start":{"line":16,"column":43},"end":{"line":16,"column":43}},{"start":{"line":16,"column":43},"end":{"line":16,"column":43}}]},"14":{"line":16,"type":"binary-expr","locations":[{"start":{"line":16,"column":47},"end":{"line":16,"column":79}},{"start":{"line":16,"column":83},"end":{"line":16,"column":102}}]},"15":{"line":16,"type":"binary-expr","locations":[{"start":{"line":16,"column":244},"end":{"line":16,"column":254}},{"start":{"line":16,"column":258},"end":{"line":16,"column":278}}]},"16":{"line":16,"type":"if","locations":[{"start":{"line":16,"column":374},"end":{"line":16,"column":374}},{"start":{"line":16,"column":374},"end":{"line":16,"column":374}}]},"17":{"line":16,"type":"cond-expr","locations":[{"start":{"line":16,"column":414},"end":{"line":16,"column":457}},{"start":{"line":16,"column":460},"end":{"line":16,"column":491}}]},"18":{"line":102,"type":"if","locations":[{"start":{"line":102,"column":4},"end":{"line":102,"column":4}},{"start":{"line":102,"column":4},"end":{"line":102,"column":4}}]}},"code":["// Node.js libraries","'use strict';","","Object.defineProperty(exports, '__esModule', {","  value: true","});","","var _createClass = (function () { function defineProperties(target, props) { for (var i = 0; i < props.length; i++) { var descriptor = props[i]; descriptor.enumerable = descriptor.enumerable || false; descriptor.configurable = true; if ('value' in descriptor) descriptor.writable = true; Object.defineProperty(target, descriptor.key, descriptor); } } return function (Constructor, protoProps, staticProps) { if (protoProps) defineProperties(Constructor.prototype, protoProps); if (staticProps) defineProperties(Constructor, staticProps); return Constructor; }; })();","","var _get = function get(_x, _x2, _x3) { var _again = true; _function: while (_again) { var object = _x, property = _x2, receiver = _x3; _again = false; if (object === null) object = Function.prototype; var desc = Object.getOwnPropertyDescriptor(object, property); if (desc === undefined) { var parent = Object.getPrototypeOf(object); if (parent === null) { return undefined; } else { _x = parent; _x2 = property; _x3 = receiver; _again = true; desc = parent = undefined; continue _function; } } else if ('value' in desc) { return desc.value; } else { var getter = desc.get; if (getter === undefined) { return undefined; } return getter.call(receiver); } } };","","function _interopRequireDefault(obj) { return obj && obj.__esModule ? obj : { 'default': obj }; }","","function _classCallCheck(instance, Constructor) { if (!(instance instanceof Constructor)) { throw new TypeError('Cannot call a class as a function'); } }","","function _inherits(subClass, superClass) { if (typeof superClass !== 'function' && superClass !== null) { throw new TypeError('Super expression must either be null or a function, not ' + typeof superClass); } subClass.prototype = Object.create(superClass && superClass.prototype, { constructor: { value: subClass, enumerable: false, writable: true, configurable: true } }); if (superClass) Object.setPrototypeOf ? Object.setPrototypeOf(subClass, superClass) : subClass.__proto__ = superClass; }","","var _events = require('events');","","var _events2 = _interopRequireDefault(_events);","","var _util = require('util');","","var _util2 = _interopRequireDefault(_util);","","// Our modules","","var _Request = require('./Request');","","var _Request2 = _interopRequireDefault(_Request);","","var _RedditRequest = require('./RedditRequest');","","var _RedditRequest2 = _interopRequireDefault(_RedditRequest);","","var _Throttle = require('./Throttle');","","var _Throttle2 = _interopRequireDefault(_Throttle);","","var _UserConfig = require('./UserConfig');","","var _UserConfig2 = _interopRequireDefault(_UserConfig);","","var _OAuth = require('./OAuth');","","var _OAuth2 = _interopRequireDefault(_OAuth);","","var _Modhash = require('./Modhash');","","var _Modhash2 = _interopRequireDefault(_Modhash);","","var _httpsFile = require('./https/file');","","var _httpsFile2 = _interopRequireDefault(_httpsFile);","","var Snoocore = (function (_events$EventEmitter) {","  _inherits(Snoocore, _events$EventEmitter);","","  _createClass(Snoocore, null, [{","    key: 'file',","    value: function file() {","      return _httpsFile2['default'].apply(undefined, arguments);","    }","  }, {","    key: 'version',","    get: function get() {","      return '3.2.0';","    }","  }]);","","  function Snoocore(userConfiguration) {","    var _this = this;","","    _classCallCheck(this, Snoocore);","","    _get(Object.getPrototypeOf(Snoocore.prototype), 'constructor', this).call(this);","","    // @TODO - this is a \"god object\" of sorts.","    this._userConfig = new _UserConfig2['default'](userConfiguration);","","    this._throttle = new _Throttle2['default'](this._userConfig.throttle);","","    this._request = new _Request2['default'](this._throttle);","","    this._request.on('response_error', function (responseError) {","      _this.emit('response_error', responseError);","    });","","    // Two OAuth instances. One for authenticated users, and another for","    // Application only OAuth. Two are needed in the instance where","    // a user wants to bypass authentication for a call - we don't want","    // to waste time by creating a new app only instance, authenticating,","    // etc.","    this.oauth = new _OAuth2['default'](this._userConfig, this._request);","    this.oauthAppOnly = new _OAuth2['default'](this._userConfig, this._request);","","    // Expose OAuth functions in here","    ['getExplicitAuthUrl', 'getImplicitAuthUrl', 'getAuthUrl', 'auth', 'refresh', 'deauth', 'getRefreshToken', 'getAccessToken', 'setRefreshToken', 'setAccessToken', 'hasRefreshToken', 'hasAccessToken'].forEach(function (fn) {","      _this[fn] = _this.oauth[fn].bind(_this.oauth);","    });","","    if (this._userConfig.useBrowserCookies) {","      this.modhash = new _Modhash2['default'](this._userConfig, this._request);","","      // Expose Modhash functions in here","      ['isModhashOld', 'setModhash', 'getModhash', 'getCurrentModhash', 'refreshModhash'].forEach(function (fn) {","        _this[fn] = _this.modhash[fn].bind(_this.modhash);","      });","    }","","    this.appOnlyAuth = this.oauthAppOnly.applicationOnlyAuth.bind(this.oauthAppOnly);","","    // Bubble up the  events","    this.oauth.on('access_token_refreshed', function (accessToken) {","      _this.emit('access_token_refreshed', accessToken);","    });","","    this._redditRequest = new _RedditRequest2['default'](this._userConfig, this._request, this.oauth, this.oauthAppOnly, this.modhash);","","    this._redditRequest.on('access_token_expired', function (responseError) {","      _this.emit('access_token_expired', responseError);","    });","","    this._redditRequest.on('rate_limit', function (rateLimitData) {","      _this.emit('rate_limit', rateLimitData);","    });","","    this._redditRequest.on('rate_limit_reached', function (rateLimitData) {","      // let the user know that they have gone over","      _this.emit('rate_limit_reached', rateLimitData);","      // Delay the next call until the rate limit reset occurs","      _this._throttle.addTime(rateLimitData.rateLimitReset * 1000);","    });","","    /*","       Make this._redditRequest.path the primary function that we return, but","       stick the rest of the available functions on the prototype so we","       can use them as well.","     */","    var path = this._redditRequest.path.bind(this._redditRequest);","","    var key = undefined;","    for (key in this) {","      path[key] = this[key];","    }","","    return path;","  }","","  return Snoocore;","})(_events2['default'].EventEmitter);","","exports['default'] = Snoocore;","module.exports = exports['default'];","//# sourceMappingURL=Snoocore.js.map",""],"l":{"4":1,"8":2,"10":1,"12":9,"14":1,"16":1,"18":1,"20":1,"22":1,"24":1,"28":1,"30":1,"32":1,"34":1,"36":1,"38":1,"40":1,"42":1,"44":1,"46":1,"48":1,"50":1,"52":1,"54":1,"56":1,"57":1,"59":1,"62":0,"67":0,"71":1,"72":0,"74":0,"76":0,"79":0,"81":0,"83":0,"85":0,"86":0,"94":0,"95":0,"98":0,"99":0,"102":0,"103":0,"106":0,"107":0,"111":0,"114":0,"115":0,"118":0,"120":0,"121":0,"124":0,"125":0,"128":0,"130":0,"132":0,"140":0,"142":0,"143":0,"144":0,"147":0,"150":1,"153":1,"154":1}},"/home/travis/build/npmtest/node-npmtest-snoocore/node_modules/snoocore/build/src/Request.js":{"path":"/home/travis/build/npmtest/node-npmtest-snoocore/node_modules/snoocore/build/src/Request.js","s":{"1":1,"2":1,"3":1,"4":1,"5":1,"6":1,"7":1,"8":1,"9":1,"10":1,"11":1,"12":1,"13":1,"14":1,"15":0,"16":1,"17":1,"18":0,"19":0,"20":0,"21":0,"22":0,"23":0,"24":0,"25":0,"26":0,"27":0,"28":0,"29":0,"30":0,"31":0,"32":0,"33":0,"34":0,"35":0,"36":0,"37":0,"38":0,"39":0,"40":0,"41":0,"42":1,"43":1,"44":1,"45":0,"46":0,"47":0,"48":0,"49":0,"50":0,"51":0,"52":1,"53":7,"54":1,"55":0,"56":0,"57":1,"58":1,"59":0,"60":1,"61":1,"62":1,"63":1,"64":1,"65":1,"66":1,"67":1,"68":1,"69":1,"70":1,"71":1,"72":1,"73":1,"74":1,"75":1,"76":1,"77":1,"78":1,"79":1,"80":1,"81":1,"82":1,"83":0,"84":0,"85":0,"86":1,"87":0,"88":0,"89":0,"90":0,"91":0,"92":0,"93":0,"94":0,"95":0,"96":0,"97":0,"98":0,"99":0,"100":0,"101":0,"102":0,"103":0,"104":0,"105":0,"106":0,"107":0,"108":0,"109":0,"110":0,"111":1,"112":1,"113":1},"b":{"1":[1,1],"2":[1,0],"3":[1,0],"4":[0,1],"5":[0,0],"6":[0,0],"7":[0,0],"8":[0,0],"9":[0,0],"10":[1,0],"11":[1,1],"12":[0,0],"13":[0,0],"14":[0,7],"15":[7,7],"16":[0,0],"17":[0,1],"18":[1,0],"19":[1,1],"20":[1,0],"21":[1,0],"22":[1,0],"23":[0,0],"24":[0,0],"25":[0,0],"26":[0,0],"27":[0,0]},"f":{"1":1,"2":1,"3":1,"4":0,"5":1,"6":7,"7":0,"8":1,"9":1,"10":0,"11":0,"12":0,"13":0,"14":0,"15":0,"16":0},"fnMap":{"1":{"name":"(anonymous_1)","line":7,"loc":{"start":{"line":7,"column":20},"end":{"line":7,"column":32}}},"2":{"name":"defineProperties","line":7,"loc":{"start":{"line":7,"column":34},"end":{"line":7,"column":75}}},"3":{"name":"(anonymous_3)","line":7,"loc":{"start":{"line":7,"column":358},"end":{"line":7,"column":406}}},"4":{"name":"get","line":9,"loc":{"start":{"line":9,"column":11},"end":{"line":9,"column":38}}},"5":{"name":"_interopRequireWildcard","line":11,"loc":{"start":{"line":11,"column":0},"end":{"line":11,"column":38}}},"6":{"name":"_interopRequireDefault","line":13,"loc":{"start":{"line":13,"column":0},"end":{"line":13,"column":37}}},"7":{"name":"_classCallCheck","line":15,"loc":{"start":{"line":15,"column":0},"end":{"line":15,"column":48}}},"8":{"name":"_inherits","line":17,"loc":{"start":{"line":17,"column":0},"end":{"line":17,"column":41}}},"9":{"name":"(anonymous_9)","line":53,"loc":{"start":{"line":53,"column":15},"end":{"line":53,"column":47}}},"10":{"name":"Request","line":56,"loc":{"start":{"line":56,"column":2},"end":{"line":56,"column":29}}},"11":{"name":"https","line":73,"loc":{"start":{"line":73,"column":11},"end":{"line":73,"column":58}}},"12":{"name":"(anonymous_12)","line":76,"loc":{"start":{"line":76,"column":40},"end":{"line":76,"column":52}}},"13":{"name":"(anonymous_13)","line":93,"loc":{"start":{"line":93,"column":174},"end":{"line":93,"column":194}}},"14":{"name":"(anonymous_14)","line":118,"loc":{"start":{"line":118,"column":57},"end":{"line":118,"column":87}}},"15":{"name":"(anonymous_15)","line":124,"loc":{"start":{"line":124,"column":63},"end":{"line":124,"column":91}}},"16":{"name":"(anonymous_16)","line":129,"loc":{"start":{"line":129,"column":64},"end":{"line":129,"column":76}}}},"statementMap":{"1":{"start":{"line":3,"column":0},"end":{"line":5,"column":3}},"2":{"start":{"line":7,"column":0},"end":{"line":7,"column":566}},"3":{"start":{"line":7,"column":34},"end":{"line":7,"column":350}},"4":{"start":{"line":7,"column":77},"end":{"line":7,"column":348}},"5":{"start":{"line":7,"column":118},"end":{"line":7,"column":144}},"6":{"start":{"line":7,"column":145},"end":{"line":7,"column":200}},"7":{"start":{"line":7,"column":201},"end":{"line":7,"column":232}},"8":{"start":{"line":7,"column":233},"end":{"line":7,"column":287}},"9":{"start":{"line":7,"column":260},"end":{"line":7,"column":287}},"10":{"start":{"line":7,"column":288},"end":{"line":7,"column":346}},"11":{"start":{"line":7,"column":351},"end":{"line":7,"column":560}},"12":{"start":{"line":7,"column":408},"end":{"line":7,"column":476}},"13":{"start":{"line":7,"column":424},"end":{"line":7,"column":476}},"14":{"start":{"line":7,"column":477},"end":{"line":7,"column":537}},"15":{"start":{"line":7,"column":494},"end":{"line":7,"column":537}},"16":{"start":{"line":7,"column":538},"end":{"line":7,"column":557}},"17":{"start":{"line":9,"column":0},"end":{"line":9,"column":658}},"18":{"start":{"line":9,"column":40},"end":{"line":9,"column":58}},"19":{"start":{"line":9,"column":59},"end":{"line":9,"column":655}},"20":{"start":{"line":9,"column":70},"end":{"line":9,"column":655}},"21":{"start":{"line":9,"column":87},"end":{"line":9,"column":135}},"22":{"start":{"line":9,"column":136},"end":{"line":9,"column":151}},"23":{"start":{"line":9,"column":152},"end":{"line":9,"column":201}},"24":{"start":{"line":9,"column":173},"end":{"line":9,"column":201}},"25":{"start":{"line":9,"column":202},"end":{"line":9,"column":263}},"26":{"start":{"line":9,"column":264},"end":{"line":9,"column":653}},"27":{"start":{"line":9,"column":290},"end":{"line":9,"column":333}},"28":{"start":{"line":9,"column":334},"end":{"line":9,"column":492}},"29":{"start":{"line":9,"column":357},"end":{"line":9,"column":374}},"30":{"start":{"line":9,"column":384},"end":{"line":9,"column":396}},"31":{"start":{"line":9,"column":397},"end":{"line":9,"column":412}},"32":{"start":{"line":9,"column":413},"end":{"line":9,"column":428}},"33":{"start":{"line":9,"column":429},"end":{"line":9,"column":443}},"34":{"start":{"line":9,"column":444},"end":{"line":9,"column":470}},"35":{"start":{"line":9,"column":471},"end":{"line":9,"column":490}},"36":{"start":{"line":9,"column":500},"end":{"line":9,"column":653}},"37":{"start":{"line":9,"column":523},"end":{"line":9,"column":541}},"38":{"start":{"line":9,"column":551},"end":{"line":9,"column":573}},"39":{"start":{"line":9,"column":574},"end":{"line":9,"column":621}},"40":{"start":{"line":9,"column":602},"end":{"line":9,"column":619}},"41":{"start":{"line":9,"column":622},"end":{"line":9,"column":651}},"42":{"start":{"line":11,"column":0},"end":{"line":11,"column":272}},"43":{"start":{"line":11,"column":40},"end":{"line":11,"column":270}},"44":{"start":{"line":11,"column":69},"end":{"line":11,"column":80}},"45":{"start":{"line":11,"column":90},"end":{"line":11,"column":106}},"46":{"start":{"line":11,"column":107},"end":{"line":11,"column":228}},"47":{"start":{"line":11,"column":126},"end":{"line":11,"column":226}},"48":{"start":{"line":11,"column":149},"end":{"line":11,"column":224}},"49":{"start":{"line":11,"column":201},"end":{"line":11,"column":224}},"50":{"start":{"line":11,"column":229},"end":{"line":11,"column":253}},"51":{"start":{"line":11,"column":254},"end":{"line":11,"column":268}},"52":{"start":{"line":13,"column":0},"end":{"line":13,"column":97}},"53":{"start":{"line":13,"column":39},"end":{"line":13,"column":95}},"54":{"start":{"line":15,"column":0},"end":{"line":15,"column":153}},"55":{"start":{"line":15,"column":50},"end":{"line":15,"column":151}},"56":{"start":{"line":15,"column":92},"end":{"line":15,"column":149}},"57":{"start":{"line":17,"column":0},"end":{"line":17,"column":494}},"58":{"start":{"line":17,"column":43},"end":{"line":17,"column":208}},"59":{"start":{"line":17,"column":106},"end":{"line":17,"column":206}},"60":{"start":{"line":17,"column":209},"end":{"line":17,"column":373}},"61":{"start":{"line":17,"column":374},"end":{"line":17,"column":492}},"62":{"start":{"line":17,"column":390},"end":{"line":17,"column":492}},"63":{"start":{"line":19,"column":0},"end":{"line":19,"column":42}},"64":{"start":{"line":21,"column":0},"end":{"line":21,"column":57}},"65":{"start":{"line":23,"column":0},"end":{"line":23,"column":32}},"66":{"start":{"line":25,"column":0},"end":{"line":25,"column":47}},"67":{"start":{"line":27,"column":0},"end":{"line":27,"column":28}},"68":{"start":{"line":29,"column":0},"end":{"line":29,"column":43}},"69":{"start":{"line":31,"column":0},"end":{"line":31,"column":39}},"70":{"start":{"line":33,"column":0},"end":{"line":33,"column":53}},"71":{"start":{"line":35,"column":0},"end":{"line":35,"column":32}},"72":{"start":{"line":37,"column":0},"end":{"line":37,"column":40}},"73":{"start":{"line":39,"column":0},"end":{"line":39,"column":48}},"74":{"start":{"line":41,"column":0},"end":{"line":41,"column":61}},"75":{"start":{"line":43,"column":0},"end":{"line":43,"column":51}},"76":{"start":{"line":45,"column":0},"end":{"line":45,"column":63}},"77":{"start":{"line":47,"column":0},"end":{"line":47,"column":57}},"78":{"start":{"line":49,"column":0},"end":{"line":49,"column":69}},"79":{"start":{"line
[...]
expr","locations":[{"start":{"line":13,"column":70},"end":{"line":13,"column":73}},{"start":{"line":13,"column":76},"end":{"line":13,"column":94}}]},"15":{"line":13,"type":"binary-expr","locations":[{"start":{"line":13,"column":46},"end":{"line":13,"column":49}},{"start":{"line":13,"column":53},"end":{"line":13,"column":67}}]},"16":{"line":15,"type":"if","locations":[{"start":{"line":15,"column":50},"end":{"line":15,"column":50}},{"start":{"line":15,"column":50},"end":{"line":15,"column":50}}]},"17":{"line":17,"type":"if","locations":[{"start":{"line":17,"column":43},"end":{"line":17,"column":43}},{"start":{"line":17,"column":43},"end":{"line":17,"column":43}}]},"18":{"line":17,"type":"binary-expr","locations":[{"start":{"line":17,"column":47},"end":{"line":17,"column":79}},{"start":{"line":17,"column":83},"end":{"line":17,"column":102}}]},"19":{"line":17,"type":"binary-expr","locations":[{"start":{"line":17,"column":244},"end":{"line":17,"column":254}},{"start":{"line":17,"column":258},"end":{"line":17,"column":278}}]},"20":{"line":17,"type":"if","locations":[{"start":{"line":17,"column":374},"end":{"line":17,"column":374}},{"start":{"line":17,"column":374},"end":{"line":17,"column":374}}]},"21":{"line":17,"type":"cond-expr","locations":[{"start":{"line":17,"column":414},"end":{"line":17,"column":457}},{"start":{"line":17,"column":460},"end":{"line":17,"column":491}}]},"22":{"line":81,"type":"if","locations":[{"start":{"line":81,"column":6},"end":{"line":81,"column":6}},{"start":{"line":81,"column":6},"end":{"line":81,"column":6}}]},"23":{"line":94,"type":"if","locations":[{"start":{"line":94,"column":8},"end":{"line":94,"column":8}},{"start":{"line":94,"column":8},"end":{"line":94,"column":8}}]},"24":{"line":104,"type":"if","locations":[{"start":{"line":104,"column":8},"end":{"line":104,"column":8}},{"start":{"line":104,"column":8},"end":{"line":104,"column":8}}]},"25":{"line":118,"type":"if","locations":[{"start":{"line":118,"column":6},"end":{"line":118,"column":6}},{"start":{"line":118,"column":6},"end":{"line":118,"column":6}}]}},"code":["'use strict';","","Object.defineProperty(exports, '__esModule', {","  value: true","});","","var _createClass = (function () { function defineProperties(target, props) { for (var i = 0; i < props.length; i++) { var descriptor = props[i]; descriptor.enumerable = descriptor.enumerable || false; descriptor.configurable = true; if ('value' in descriptor) descriptor.writable = true; Object.defineProperty(target, descriptor.key, descriptor); } } return function (Constructor, protoProps, staticProps) { if (protoProps) defineProperties(Constructor.prototype, protoProps); if (staticProps) defineProperties(Constructor, staticProps); return Constructor; }; })();","","var _get = function get(_x, _x2, _x3) { var _again = true; _function: while (_again) { var object = _x, property = _x2, receiver = _x3; _again = false; if (object === null) object = Function.prototype; var desc = Object.getOwnPropertyDescriptor(object, property); if (desc === undefined) { var parent = Object.getPrototypeOf(object); if (parent === null) { return undefined; } else { _x = parent; _x2 = property; _x3 = receiver; _again = true; desc = parent = undefined; continue _function; } } else if ('value' in desc) { return desc.value; } else { var getter = desc.get; if (getter === undefined) { return undefined; } return getter.call(receiver); } } };","","function _interopRequireWildcard(obj) { if (obj && obj.__esModule) { return obj; } else { var newObj = {}; if (obj != null) { for (var key in obj) { if (Object.prototype.hasOwnProperty.call(obj, key)) newObj[key] = obj[key]; } } newObj['default'] = obj; return newObj; } }","","function _interopRequireDefault(obj) { return obj && obj.__esModule ? obj : { 'default': obj }; }","","function _classCallCheck(instance, Constructor) { if (!(instance instanceof Constructor)) { throw new TypeError('Cannot call a class as a function'); } }","","function _inherits(subClass, superClass) { if (typeof superClass !== 'function' && superClass !== null) { throw new TypeError('Super expression must either be null or a function, not ' + typeof superClass); } subClass.prototype = Object.create(superClass && superClass.prototype, { constructor: { value: subClass, enumerable: false, writable: true, configurable: true } }); if (superClass) Object.setPrototypeOf ? Object.setPrototypeOf(subClass, superClass) : subClass.__proto__ = superClass; }","","var _events = require('events');","","var _events2 = _interopRequireDefault(_events);","","var _when = require('when');","","var _when2 = _interopRequireDefault(_when);","","var _utils = require('./utils');","","var u = _interopRequireWildcard(_utils);","","var _Endpoint = require('./Endpoint');","","var _Endpoint2 = _interopRequireDefault(_Endpoint);","","var _ResponseError = require('./ResponseError');","","var _ResponseError2 = _interopRequireDefault(_ResponseError);","","var Modhash = (function (_events$EventEmitter) {","  _inherits(Modhash, _events$EventEmitter);","","  function Modhash(userConfig, request) {","    _classCallCheck(this, Modhash);","","    _get(Object.getPrototypeOf(Modhash.prototype), 'constructor', this).call(this);","","    this._userConfig = userConfig;","","    this._request = request;","","    this.modhash = '';","    this.modhashRefreshed = 0;","  }","","  _createClass(Modhash, [{","    key: 'isModhashOld',","    value: function isModhashOld() {","      // 10 minutes by default","      var timeout = 10 * 60 * 1000;","","      return Date.now() - this.modhashRefreshed > timeout;","    }","  }, {","    key: 'setModhash',","    value: function setModhash(modhash) {","      this.modhash = modhash;","      this.modhashRefreshed = Date.now();","    }","  }, {","    key: 'hasModhash',","    value: function hasModhash() {","      return !!this.modhash.length;","    }","","    /*","       Get the current cached modhash.","     */","  }, {","    key: 'getCurrentModhash',","    value: function getCurrentModhash() {","      if (!this.hasModhash()) {","        return undefined;","      }","      return this.modhash;","    }","  }, {","    key: 'refreshModhash',","    value: function refreshModhash() {","      var _this = this;","","      var endpoint = new _Endpoint2['default'](this._userConfig, this._userConfig.serverWWW, 'get', '/api/me.json', {}, {}, {}, this._userConfig.serverWWWPort);","","      var responseErrorHandler = function responseErrorHandler(response, endpoint) {","        if (String(response._status).indexOf('4') === 0) {","          return _when2['default'].reject(new _ResponseError2['default']('Invalid refreshModhash request', response, endpoint));","        }","        // else return the endpoint to try again","        return _when2['default'].resolve(endpoint);","      };","","      return this._request.https(endpoint, responseErrorHandler).then(function (res) {","        var response = JSON.parse(res._body);","","        if (!response.data) {","          throw new _ResponseError2['default']('Invalid refreshModhash response. Are you logged in?', response, endpoint);","        } else {","          _this.setModhash(response.data.modhash);","","          return {","            modhash: response.data.modhash","          };","        }","      });","    }","  }, {","    key: 'getModhash',","    value: function getModhash() {","      if (!this.isModhashOld()) {","        return _when2['default'].resolve({","          modhash: this.modhash","        });","      } else {","        return this.refreshModhash();","      }","    }","  }]);","","  return Modhash;","})(_events2['default'].EventEmitter);","","exports['default'] = Modhash;","module.exports = exports['default'];","//# sourceMappingURL=Modhash.js.map",""],"l":{"3":1,"7":6,"9":1,"11":1,"13":4,"15":1,"17":1,"19":1,"21":1,"23":1,"25":1,"27":1,"29":1,"31":1,"33":1,"35":1,"37":1,"39":1,"40":1,"42":1,"43":0,"45":0,"47":0,"49":0,"51":0,"52":0,"55":1,"59":0,"61":0,"66":0,"67":0,"72":0,"81":0,"82":0,"84":0,"89":0,"91":0,"93":0,"94":0,"95":0,"98":0,"101":0,"102":0,"104":0,"105":0,"107":0,"109":0,"118":0,"119":0,"123":0,"128":1,"131":1,"132":1}},"/home/travis/build/npmtest/node-npmtest-snoocore/node_modules/snoocore/build/src/https/file.js":{"path":"/home/travis/build/npmtest/node-npmtest-snoocore/node_modules/snoocore/build/src/https/file.js","s":{"1":1,"2":1,"3":0,"4":0,"5":0,"6":0,"7":0,"8":0,"9":0,"10":1},"b":{"1":[0,0],"2":[0,0,0,0],"3":[0,0]},"f":{"1":0},"fnMap":{"1":{"name":"(anonymous_1)","line":19,"loc":{"start":{"line":19,"column":21},"end":{"line":19,"column":53}}}},"statementMap":{"1":{"start":{"line":15,"column":0},"end":{"line":17,"column":3}},"2":{"start":{"line":19,"column":0},"end":{"line":32,"column":2}},"3":{"start":{"line":20,"column":2},"end":{"line":20,"column":16}},"4":{"start":{"line":22,"column":2},"end":{"line":22,"column":19}},"5":{"start":{"line":23,"column":2},"end":{"line":23,"column":27}},"6":{"start":{"line":25,"column":2},"end":{"line":29,"column":3}},"7":{"start":{"line":26,"column":4},"end":{"line":26,"column":21}},"8":{"start":{"line":28,"column":4},"end":{"line":28,"column":67}},"9":{"start":{"line":31,"column":2},"end":{"line":31,"column":14}},"10":{"start":{"line":34,"column":0},"end":{"line":34,"column":36}}},"branchMap":{"1":{"line":25,"type":"if","locations":[{"start":{"line":25,"column":2},"end":{"line":25,"column":2}},{"start":{"line":25,"column":2},"end":{"line":25,"column":2}}]},"2":{"line":25,"type":"binary-expr","locations":[{"start":{"line":25,"column":6},"end":{"line":25,"column":33}},{"start":{"line":25,"column":37},"end":{"line":25,"column":57}},{"start":{"line":25,"column":61},"end":{"line":25,"column":88}},{"start":{"line":25,"column":92},"end":{"line":25,"column":112}}]},"3":{"line":28,"type":"cond-expr","locations":[{"start":{"line":28,"column":43},"end":{"line":28,"column":59}},{"start":{"line":28,"column":62},"end":{"line":28,"column":66}}]}},"code":["/*","Represents a file that we wish to upload to reddit.","","All files have a name, mimeType, and data. ","","In the browser data can be a `File` object directly from","a file input, or a `Blob` object.","","In node, data can be a `utf8` string, or a buffer","containing the content of the file.","*/","","'use strict';","","Object.defineProperty(exports, '__esModule', {","  value: true","});","","exports['default'] = function (name, mimeType, data) {","  var self = {};","","  self.name = name;","  self.mimeType = mimeType;","","  if (typeof File !== 'undefined' && data instanceof File || typeof Blob !== 'undefined' && data instanceof Blob) {","    self.data = data;","  } else {","    self.data = typeof data === 'string' ? new Buffer(data) : data;","  }","","  return self;","};","","module.exports = exports['default'];","//# sourceMappingURL=file.js.map",""],"l":{"15":1,"19":1,"20":0,"22":0,"23":0,"25":0,"26":0,"28":0,"31":0,"34":1}},"/home/travis/build/npmtest/node-npmtest-snoocore/node_modules/snoocore/gulpfile.js":{"path":"/home/travis/build/npmtest/node-npmtest-snoocore/node_modules/snoocore/gulpfile.js","s":{"1":2,"2":2,"3":2,"4":2,"5":2,"6":0,"7":0,"8":0,"9":0,"10":0,"11":0,"12":0,"13":0,"14":0,"15":0,"16":0,"17":0,"18":0,"19":0,"20":0,"21":0,"22":0,"23":0,"24":0,"25":0,"26":0,"27":0,"28":0,"29":0,"30":0,"31":0,"32":0,"33":0,"34":0,"35":0,"36":0,"37":0,"38":0,"39":0,"40":0,"41":0,"42":0},"b":{"1":[0,0],"2":[0,0],"3":[0,0]},"f":{"1":0,"2":0,"3":0,"4":0,"5":0,"6":0,"7":0,"8":0,"9":0,"10":0,"11":0},"fnMap":{"1":{"name":"(anonymous_1)","line":16,"loc":{"start":{"line":16,"column":28},"end":{"line":16,"column":43}}},"2":{"name":"(anonymous_2)","line":20,"loc":{"start":{"line":20,"column":24},"end":{"line":20,"column":41}}},"3":{"name":"(anonymous_3)","line":31,"loc":{"start":{"line":31,"column":19},"end":{"line":31,"column":30}}},"4":{"name":"(anonymous_4)","line":39,"loc":{"start":{"line":39,"column":46},"end":{"line":39,"column":57}}},"5":{"name":"(anonymous_5)","line":47,"loc":{"start":{"line":47,"column":40},"end":{"line":47,"column":51}}},"6":{"name":"(anonymous_6)","line":66,"loc":{"start":{"line":66,"column":50},"end":{"line":66,"column":61}}},"7":{"name":"(anonymous_7)","line":85,"loc":{"start":{"line":85,"column":36},"end":{"line":85,"column":51}}},"8":{"name":"(anonymous_8)","line":95,"loc":{"start":{"line":95,"column":19},"end":{"line":95,"column":34}}},"9":{"name":"(anonymous_9)","line":104,"loc":{"start":{"line":104,"column":39},"end":{"line":104,"column":54}}},"10":{"name":"(anonymous_10)","line":111,"loc":{"start":{"line":111,"column":19},"end":{"line":111,"column":34}}},"11":{"name":"(anonymous_11)","line":119,"loc":{"start":{"line":119,"column":21},"end":{"line":119,"column":36}}}},"statementMap":{"1":{"start":{"line":1,"column":0},"end":{"line":1,"column":23}},"2":{"start":{"line":2,"column":0},"end":{"line":2,"column":27}},"3":{"start":{"line":3,"column":0},"end":{"line":3,"column":41}},"4":{"start":{"line":4,"column":0},"end":{"line":4,"column":43}},"5":{"start":{"line":6,"column":0},"end":{"line":6,"column":27}},"6":{"start":{"line":7,"column":0},"end":{"line":7,"column":33}},"7":{"start":{"line":8,"column":0},"end":{"line":8,"column":44}},"8":{"start":{"line":9,"column":0},"end":{"line":9,"column":36}},"9":{"start":{"line":10,"column":0},"end":{"line":10,"column":34}},"10":{"start":{"line":12,"column":0},"end":{"line":12,"column":44}},"11":{"start":{"line":13,"column":0},"end":{"line":13,"column":37}},"12":{"start":{"line":14,"column":0},"end":{"line":14,"column":39}},"13":{"start":{"line":16,"column":0},"end":{"line":29,"column":3}},"14":{"start":{"line":17,"column":2},"end":{"line":17,"column":61}},"15":{"start":{"line":18,"column":2},"end":{"line":18,"column":52}},"16":{"start":{"line":20,"column":2},"end":{"line":28,"column":5}},"17":{"start":{"line":21,"column":4},"end":{"line":23,"column":5}},"18":{"start":{"line":22,"column":6},"end":{"line":22,"column":20}},"19":{"start":{"line":25,"column":4},"end":{"line":27,"column":26}},"20":{"start":{"line":31,"column":0},"end":{"line":37,"column":3}},"21":{"start":{"line":32,"column":2},"end":{"line":36,"column":46}},"22":{"start":{"line":39,"column":0},"end":{"line":45,"column":3}},"23":{"start":{"line":40,"column":2},"end":{"line":44,"column":47}},"24":{"start":{"line":47,"column":0},"end":{"line":64,"column":3}},"25":{"start":{"line":49,"column":2},"end":{"line":54,"column":5}},"26":{"start":{"line":56,"column":2},"end":{"line":63,"column":38}},"27":{"start":{"line":66,"column":0},"end":{"line":81,"column":3}},"28":{"start":{"line":68,"column":2},"end":{"line":72,"column":5}},"29":{"start":{"line":74,"column":2},"end":{"line":80,"column":44}},"30":{"start":{"line":83,"column":0},"end":{"line":83,"column":50}},"31":{"start":{"line":85,"column":0},"end":{"line":100,"column":3}},"32":{"start":{"line":86,"column":2},"end":{"line":93,"column":4}},"33":{"start":{"line":95,"column":2},"end":{"line":99,"column":5}},"34":{"start":{"line":96,"column":4},"end":{"line":98,"column":15}},"35":{"start":{"line":102,"column":0},"end":{"line":102,"column":69}},"36":{"start":{"line":104,"column":0},"end":{"line":116,"column":3}},"37":{"start":{"line":105,"column":2},"end":{"line":109,"column":4}},"38":{"start":{"line":111,"column":2},"end":{"line":115,"column":5}},"39":{"start":{"line":112,"column":4},"end":{"line":114,"column":15}},"40":{"start":{"line":119,"column":0},"end":{"line":122,"column":3}},"41":{"start":{"line":120,"column":2},"end":{"line":120,"column":36}},"42":{"start":{"line":121,"column":2},"end":{"line":121,"column":9}}},"branchMap":{"1":{"line":21,"type":"if","locations":[{"start":{"line":21,"column":4},"end":{"line":21,"column":4}},{"start":{"line":21,"column":4},"end":{"line":21,"column":4}}]},"2":{"line":96,"type":"cond-expr","locations":[{"start":{"line":97,"column":8},"end":{"line":97,"column":52}},{"start":{"line":98,"column":8},"end":{"line":98,"column":14}}]},"3":{"line":112,"type":"cond-expr","locations":[{"start":{"line":113,"column":8},"end":{"line":113,"column":52}},{"start":{"line":114,"column":8},"end":{"line":114,"column":14}}]}},"code":["var fs = require('fs');","var path = require('path');","var exec = require('child_process').exec;","var spawn = require('child_process').spawn;","","var gulp = require('gulp');","var gutil = require('gulp-util');","var sourcemaps = require('gulp-sourcemaps');","var uglify = require('gulp-uglify');","var babel = require('gulp-babel');","","var source = require('vinyl-source-stream');","var buffer = require('vinyl-buffer');","var browserify = require('browserify');","","gulp.task('copyTestConfig', function(done) {","  var configPath = path.join(__dirname, 'test', 'config.js');","  var configTemplatePath = configPath + '.template';","","  fs.exists(configPath, function(exists) {","    if (exists) {","      return done();","    }","","    fs.createReadStream(configTemplatePath)","      .pipe(fs.createWriteStream(configPath))","      .on('finish', done);","  });","});","","gulp.task('babel', function() {","  return gulp.src('./src/**/*.js')","             .pipe(sourcemaps.init())","             .pipe(babel())","             .pipe(sourcemaps.write('./'))","             .pipe(gulp.dest('./build/src/'));","});","","gulp.task('babelTests', [ 'copyTestConfig' ], function() {","  return gulp.src('./test/**/*.js')","             .pipe(sourcemaps.init())","             .pipe(babel())","             .pipe(sourcemaps.write('./'))","             .pipe(gulp.dest('./build/test/'));","});","","gulp.task('bundleBrowser', [ 'babel' ], function() {","  // set up the browserify instance on a task basis","  var b = browserify({","    entries: './build/src/Snoocore.js',","    // exclude: [ './build/src/https/httpsNode.js' ],","    standalone: 'Snoocore',","    debug: true","  });","","  return b.bundle()","          .pipe(source('Snoocore-browser.min.js'))","          .pipe(buffer())","          .pipe(sourcemaps.init())","          .pipe(uglify())","          .on('error', gutil.log)","          .pipe(sourcemaps.write('./'))","          .pipe(gulp.dest('./dist/'));","});","","gulp.task('bundleBrowserTests', [ 'babelTests' ], function() {","  // set up the browserify instance on a task basis","  var b = browserify({","    entries: './build/test/browser-tests.js',","    standalone: 'SnoocoreTests',","    debug: true","  });","","  return b.bundle()","          .pipe(source('browser-tests.js'))","          .pipe(buffer())","          .pipe(sourcemaps.init())","          .on('error', gutil.log)","          .pipe(sourcemaps.write('./'))","          .pipe(gulp.dest('./build/test/'));","});","","gulp.task('buildNode', [ 'babel', 'babelTests' ]);","","gulp.task('mocha', [ 'buildNode' ], function(done) {","  var mocha = spawn(","    path.join(__dirname, 'node_modules', '.bin', 'mocha'),","    [","      '-R', 'spec',","      'build/test/node-tests.js'","    ],","    { cwd: __dirname, stdio: 'inherit' }","  );","","  mocha.on('exit', function(code) {","    return (code !== 0)","      ? done(new Error('Mocha tests failed to run'))","      : done();","  });","});","","gulp.task('buildBrowser', [ 'bundleBrowser', 'bundleBrowserTests' ]);","","gulp.task('karma', [ 'buildBrowser' ], function(done) {","  var karma = spawn(","    path.join(__dirname, 'node_modules', 'karma', 'bin', 'karma'),","    [ 'start', 'build/test/karma.conf.js'  ],","    { cwd: __dirname, stdio: 'inherit' }","  );","","  karma.on('exit', function(code) {","    return (code !== 0)","      ? done(new Error('Karma tests failed to run'))","      : done();","  });","});","","// The default task (called when you run `gulp` from cli)","gulp.task('default', function(done) {","  console.error('no default task!');","  done();","});",""],"l":{"1":2,"2":2,"3":2,"4":2,"6":2,"7":0,"8":0,"9":0,"10":0,"12":0,"13":0,"14":0,"16":0,"17":0,"18":0,"20":0,"21":0,"22":0,"25":0,"31":0,"32":0,"39":0,"40":0,"47":0,"49":0,"56":0,"66":0,"68":0,"74":0,"83":0,"85":0,"86":0,"95":0,"96":0,"102":0,"104":0,"105":0,"111":0,"112":0,"119":0,"120":0,"121":0}}}